<?xml version="1.0" encoding="utf-8"?>
<!DOCTYPE coverage SYSTEM "http://cobertura.sourceforge.net/xml/coverage-04.dtd">
<coverage line-rate="0.9949622166246851" branch-rate="0.8813559322033898" lines-covered="395" lines-valid="397" branches-covered="52" branches-valid="59" complexity="154" version="0" timestamp="1770053074">
  <sources>
    <source>D:\Mngm\Currency Converter\CurrencyConverter\server\src\</source>
  </sources>
  <packages>
    <package name="CurrencyConverter.Api" line-rate="0.9878048780487805" branch-rate="0.9333333333333333" complexity="37">
      <classes>
        <class name="CurrencyConverter.Api.Controllers.ConversionController" filename="D:\Mngm\Currency Converter\CurrencyConverter\server\src\CurrencyConverter.Api\Controllers\ConversionController.cs" line-rate="1" branch-rate="1" complexity="2">
          <methods>
            <method name=".ctor" signature="(CurrencyConverter.Application.Abstractions.Services.IConversionService)" line-rate="1" branch-rate="1" complexity="1">
              <lines>
                <line number="16" hits="18" branch="false" />
                <line number="18" hits="18" branch="false" />
                <line number="19" hits="18" branch="false" />
              </lines>
            </method>
            <method name="Convert" signature="()" line-rate="1" branch-rate="1" complexity="1">
              <lines>
                <line number="29" hits="17" branch="false" />
                <line number="30" hits="4" branch="false" />
                <line number="31" hits="4" branch="false" />
              </lines>
            </method>
          </methods>
          <lines>
            <line number="16" hits="18" branch="false" />
            <line number="18" hits="18" branch="false" />
            <line number="19" hits="18" branch="false" />
            <line number="29" hits="17" branch="false" />
            <line number="30" hits="4" branch="false" />
            <line number="31" hits="4" branch="false" />
          </lines>
        </class>
        <class name="CurrencyConverter.Api.Controllers.RatesController" filename="D:\Mngm\Currency Converter\CurrencyConverter\server\src\CurrencyConverter.Api\Controllers\RatesController.cs" line-rate="1" branch-rate="1" complexity="3">
          <methods>
            <method name=".ctor" signature="(CurrencyConverter.Application.Abstractions.Services.IExchangeRatesService)" line-rate="1" branch-rate="1" complexity="1">
              <lines>
                <line number="16" hits="11" branch="false" />
                <line number="18" hits="11" branch="false" />
                <line number="19" hits="11" branch="false" />
              </lines>
            </method>
            <method name="Historical" signature="()" line-rate="1" branch-rate="1" complexity="1">
              <lines>
                <line number="41" hits="4" branch="false" />
                <line number="42" hits="4" branch="false" />
                <line number="44" hits="1" branch="false" />
                <line number="45" hits="1" branch="false" />
                <line number="46" hits="1" branch="false" />
                <line number="47" hits="1" branch="false" />
                <line number="48" hits="1" branch="false" />
                <line number="49" hits="1" branch="false" />
                <line number="50" hits="1" branch="false" />
                <line number="51" hits="1" branch="false" />
                <line number="52" hits="1" branch="false" />
                <line number="54" hits="1" branch="false" />
                <line number="55" hits="1" branch="false" />
              </lines>
            </method>
            <method name="Latest" signature="()" line-rate="1" branch-rate="1" complexity="1">
              <lines>
                <line number="27" hits="6" branch="false" />
                <line number="28" hits="4" branch="false" />
                <line number="29" hits="4" branch="false" />
              </lines>
            </method>
          </methods>
          <lines>
            <line number="16" hits="11" branch="false" />
            <line number="18" hits="11" branch="false" />
            <line number="19" hits="11" branch="false" />
            <line number="27" hits="6" branch="false" />
            <line number="28" hits="4" branch="false" />
            <line number="29" hits="4" branch="false" />
            <line number="41" hits="4" branch="false" />
            <line number="42" hits="4" branch="false" />
            <line number="44" hits="1" branch="false" />
            <line number="45" hits="1" branch="false" />
            <line number="46" hits="1" branch="false" />
            <line number="47" hits="1" branch="false" />
            <line number="48" hits="1" branch="false" />
            <line number="49" hits="1" branch="false" />
            <line number="50" hits="1" branch="false" />
            <line number="51" hits="1" branch="false" />
            <line number="52" hits="1" branch="false" />
            <line number="54" hits="1" branch="false" />
            <line number="55" hits="1" branch="false" />
          </lines>
        </class>
        <class name="CurrencyConverter.Api.Middleware.CorrelationIdMiddleware" filename="D:\Mngm\Currency Converter\CurrencyConverter\server\src\CurrencyConverter.Api\Middleware\CorrelationIdMiddleware.cs" line-rate="1" branch-rate="1" complexity="6">
          <methods>
            <method name="GetOrCreateCorrelationId" signature="(Microsoft.AspNetCore.Http.HttpContext)" line-rate="1" branch-rate="1" complexity="4">
              <lines>
                <line number="32" hits="38" branch="true" condition-coverage="100% (2/2)" />
                <line number="34" hits="3" branch="false" />
                <line number="35" hits="3" branch="true" condition-coverage="100% (2/2)" />
                <line number="37" hits="2" branch="false" />
                <line number="41" hits="36" branch="false" />
              </lines>
            </method>
            <method name=".ctor" signature="(CurrencyConverter.Application.Abstractions.Observability.ICorrelationIdAccessor)" line-rate="1" branch-rate="1" complexity="1">
              <lines>
                <line number="12" hits="6" branch="false" />
                <line number="14" hits="6" branch="false" />
                <line number="15" hits="6" branch="false" />
              </lines>
            </method>
            <method name="InvokeAsync" signature="()" line-rate="1" branch-rate="1" complexity="1">
              <lines>
                <line number="19" hits="38" branch="false" />
                <line number="21" hits="38" branch="false" />
                <line number="22" hits="38" branch="false" />
                <line number="24" hits="38" branch="false" />
                <line number="26" hits="38" branch="false" />
                <line number="27" hits="20" branch="false" />
                <line number="28" hits="20" branch="false" />
              </lines>
            </method>
          </methods>
          <lines>
            <line number="12" hits="6" branch="false" />
            <line number="14" hits="6" branch="false" />
            <line number="15" hits="6" branch="false" />
            <line number="19" hits="38" branch="false" />
            <line number="21" hits="38" branch="false" />
            <line number="22" hits="38" branch="false" />
            <line number="24" hits="38" branch="false" />
            <line number="26" hits="38" branch="false" />
            <line number="27" hits="20" branch="false" />
            <line number="28" hits="20" branch="false" />
            <line number="32" hits="38" branch="true" condition-coverage="100% (2/2)" />
            <line number="34" hits="3" branch="false" />
            <line number="35" hits="3" branch="true" condition-coverage="100% (2/2)" />
            <line number="37" hits="2" branch="false" />
            <line number="41" hits="36" branch="false" />
          </lines>
        </class>
        <class name="CurrencyConverter.Api.Middleware.ExceptionHandlingMiddleware" filename="D:\Mngm\Currency Converter\CurrencyConverter\server\src\CurrencyConverter.Api\Middleware\ExceptionHandlingMiddleware.cs" line-rate="1" branch-rate="1" complexity="6">
          <methods>
            <method name=".ctor" signature="(Microsoft.Extensions.Logging.ILogger`1&lt;CurrencyConverter.Api.Middleware.ExceptionHandlingMiddleware&gt;)" line-rate="1" branch-rate="1" complexity="1">
              <lines>
                <line number="11" hits="8" branch="false" />
                <line number="13" hits="8" branch="false" />
                <line number="14" hits="8" branch="false" />
              </lines>
            </method>
            <method name="InvokeAsync" signature="()" line-rate="1" branch-rate="1" complexity="5">
              <lines>
                <line number="20" hits="40" branch="false" />
                <line number="21" hits="17" branch="false" />
                <line number="22" hits="12" branch="false" />
                <line number="24" hits="12" branch="false" />
                <line number="25" hits="12" branch="false" />
                <line number="27" hits="12" branch="false" />
                <line number="28" hits="12" branch="false" />
                <line number="29" hits="12" branch="false" />
                <line number="30" hits="8" branch="false" />
                <line number="32" hits="8" branch="false" />
                <line number="33" hits="8" branch="false" />
                <line number="35" hits="8" branch="false" />
                <line number="36" hits="8" branch="false" />
                <line number="37" hits="8" branch="false" />
                <line number="38" hits="1" branch="false" />
                <line number="40" hits="1" branch="false" />
                <line number="41" hits="1" branch="false" />
                <line number="43" hits="1" branch="false" />
                <line number="44" hits="1" branch="false" />
                <line number="45" hits="1" branch="false" />
                <line number="46" hits="2" branch="true" condition-coverage="100% (5/5)" />
                <line number="48" hits="2" branch="false" />
                <line number="50" hits="2" branch="false" />
                <line number="51" hits="2" branch="false" />
                <line number="53" hits="2" branch="false" />
                <line number="54" hits="2" branch="false" />
                <line number="56" hits="40" branch="false" />
              </lines>
            </method>
          </methods>
          <lines>
            <line number="11" hits="8" branch="false" />
            <line number="13" hits="8" branch="false" />
            <line number="14" hits="8" branch="false" />
            <line number="20" hits="40" branch="false" />
            <line number="21" hits="17" branch="false" />
            <line number="22" hits="12" branch="false" />
            <line number="24" hits="12" branch="false" />
            <line number="25" hits="12" branch="false" />
            <line number="27" hits="12" branch="false" />
            <line number="28" hits="12" branch="false" />
            <line number="29" hits="12" branch="false" />
            <line number="30" hits="8" branch="false" />
            <line number="32" hits="8" branch="false" />
            <line number="33" hits="8" branch="false" />
            <line number="35" hits="8" branch="false" />
            <line number="36" hits="8" branch="false" />
            <line number="37" hits="8" branch="false" />
            <line number="38" hits="1" branch="false" />
            <line number="40" hits="1" branch="false" />
            <line number="41" hits="1" branch="false" />
            <line number="43" hits="1" branch="false" />
            <line number="44" hits="1" branch="false" />
            <line number="45" hits="1" branch="false" />
            <line number="46" hits="2" branch="true" condition-coverage="100% (5/5)" />
            <line number="48" hits="2" branch="false" />
            <line number="50" hits="2" branch="false" />
            <line number="51" hits="2" branch="false" />
            <line number="53" hits="2" branch="false" />
            <line number="54" hits="2" branch="false" />
            <line number="56" hits="40" branch="false" />
          </lines>
        </class>
        <class name="CurrencyConverter.Api.Middleware.RequestLogContextMiddleware" filename="D:\Mngm\Currency Converter\CurrencyConverter\server\src\CurrencyConverter.Api\Middleware\RequestLogContextMiddleware.cs" line-rate="1" branch-rate="0.5" complexity="2">
          <methods>
            <method name="InvokeAsync" signature="()" line-rate="1" branch-rate="0.5" complexity="2">
              <lines>
                <line number="10" hits="34" branch="true" condition-coverage="50% (1/2)" />
                <line number="11" hits="34" branch="false" />
                <line number="13" hits="34" branch="false" />
                <line number="14" hits="34" branch="false" />
                <line number="16" hits="34" branch="false" />
                <line number="17" hits="16" branch="false" />
                <line number="18" hits="16" branch="false" />
              </lines>
            </method>
          </methods>
          <lines>
            <line number="10" hits="34" branch="true" condition-coverage="50% (1/2)" />
            <line number="11" hits="34" branch="false" />
            <line number="13" hits="34" branch="false" />
            <line number="14" hits="34" branch="false" />
            <line number="16" hits="34" branch="false" />
            <line number="17" hits="16" branch="false" />
            <line number="18" hits="16" branch="false" />
          </lines>
        </class>
        <class name="CurrencyConverter.Api.Observability.CorrelationIdAccessor" filename="D:\Mngm\Currency Converter\CurrencyConverter\server\src\CurrencyConverter.Api\Observability\CorrelationIdAccessor.cs" line-rate="1" branch-rate="1" complexity="3">
          <methods>
            <method name="get_CorrelationId" signature="()" line-rate="1" branch-rate="1" complexity="1">
              <lines>
                <line number="9" hits="6" branch="false" />
              </lines>
            </method>
            <method name="Set" signature="(System.String)" line-rate="1" branch-rate="1" complexity="1">
              <lines>
                <line number="13" hits="34" branch="false" />
                <line number="14" hits="34" branch="false" />
              </lines>
            </method>
            <method name=".cctor" signature="()" line-rate="1" branch-rate="1" complexity="1">
              <lines>
                <line number="7" hits="1" branch="false" />
              </lines>
            </method>
          </methods>
          <lines>
            <line number="7" hits="1" branch="false" />
            <line number="9" hits="6" branch="false" />
            <line number="13" hits="34" branch="false" />
            <line number="14" hits="34" branch="false" />
          </lines>
        </class>
        <class name="CurrencyConverter.Api.Security.JwtOptions" filename="D:\Mngm\Currency Converter\CurrencyConverter\server\src\CurrencyConverter.Api\Security\JwtOptions.cs" line-rate="1" branch-rate="1" complexity="5">
          <methods>
            <method name="get_Issuer" signature="()" line-rate="1" branch-rate="1" complexity="1">
              <lines>
                <line number="7" hits="18" branch="false" />
              </lines>
            </method>
            <method name="get_Audience" signature="()" line-rate="1" branch-rate="1" complexity="1">
              <lines>
                <line number="8" hits="18" branch="false" />
              </lines>
            </method>
            <method name="get_SigningKey" signature="()" line-rate="1" branch-rate="1" complexity="1">
              <lines>
                <line number="9" hits="18" branch="false" />
              </lines>
            </method>
            <method name="get_ClockSkewSeconds" signature="()" line-rate="1" branch-rate="1" complexity="1">
              <lines>
                <line number="10" hits="14" branch="false" />
              </lines>
            </method>
            <method name="get_TokenLifetimeMinutes" signature="()" line-rate="1" branch-rate="1" complexity="1">
              <lines>
                <line number="11" hits="16" branch="false" />
              </lines>
            </method>
          </methods>
          <lines>
            <line number="7" hits="18" branch="false" />
            <line number="8" hits="18" branch="false" />
            <line number="9" hits="18" branch="false" />
            <line number="10" hits="14" branch="false" />
            <line number="11" hits="16" branch="false" />
          </lines>
        </class>
        <class name="CurrencyConverter.Api.Security.JwtTokenService" filename="D:\Mngm\Currency Converter\CurrencyConverter\server\src\CurrencyConverter.Api\Security\JwtTokenService.cs" line-rate="1" branch-rate="1" complexity="3">
          <methods>
            <method name="CreateToken" signature="(System.String,System.Collections.Generic.IReadOnlyCollection`1&lt;System.String&gt;)" line-rate="1" branch-rate="1" complexity="2">
              <lines>
                <line number="22" hits="4" branch="false" />
                <line number="24" hits="4" branch="false" />
                <line number="25" hits="4" branch="false" />
                <line number="26" hits="4" branch="false" />
                <line number="27" hits="4" branch="false" />
                <line number="29" hits="30" branch="true" condition-coverage="100% (2/2)" />
                <line number="30" hits="4" branch="false" />
                <line number="32" hits="6" branch="false" />
                <line number="35" hits="4" branch="false" />
                <line number="36" hits="4" branch="false" />
                <line number="38" hits="4" branch="false" />
                <line number="39" hits="4" branch="false" />
                <line number="40" hits="4" branch="false" />
                <line number="41" hits="4" branch="false" />
                <line number="42" hits="4" branch="false" />
                <line number="43" hits="4" branch="false" />
                <line number="44" hits="4" branch="false" />
                <line number="45" hits="4" branch="false" />
                <line number="47" hits="4" branch="false" />
              </lines>
            </method>
            <method name=".ctor" signature="(Microsoft.Extensions.Options.IOptions`1&lt;CurrencyConverter.Api.Security.JwtOptions&gt;,System.TimeProvider)" line-rate="1" branch-rate="1" complexity="1">
              <lines>
                <line number="14" hits="4" branch="false" />
                <line number="16" hits="4" branch="false" />
                <line number="17" hits="4" branch="false" />
                <line number="18" hits="4" branch="false" />
              </lines>
            </method>
          </methods>
          <lines>
            <line number="14" hits="4" branch="false" />
            <line number="16" hits="4" branch="false" />
            <line number="17" hits="4" branch="false" />
            <line number="18" hits="4" branch="false" />
            <line number="22" hits="4" branch="false" />
            <line number="24" hits="4" branch="false" />
            <line number="25" hits="4" branch="false" />
            <line number="26" hits="4" branch="false" />
            <line number="27" hits="4" branch="false" />
            <line number="29" hits="30" branch="true" condition-coverage="100% (2/2)" />
            <line number="30" hits="4" branch="false" />
            <line number="32" hits="6" branch="false" />
            <line number="35" hits="4" branch="false" />
            <line number="36" hits="4" branch="false" />
            <line number="38" hits="4" branch="false" />
            <line number="39" hits="4" branch="false" />
            <line number="40" hits="4" branch="false" />
            <line number="41" hits="4" branch="false" />
            <line number="42" hits="4" branch="false" />
            <line number="43" hits="4" branch="false" />
            <line number="44" hits="4" branch="false" />
            <line number="45" hits="4" branch="false" />
            <line number="47" hits="4" branch="false" />
          </lines>
        </class>
        <class name="CurrencyConverter.Api.Security.RateLimitingOptions" filename="D:\Mngm\Currency Converter\CurrencyConverter\server\src\CurrencyConverter.Api\Security\RateLimitingOptions.cs" line-rate="1" branch-rate="1" complexity="5">
          <methods>
            <method name="get_TokenBucket" signature="()" line-rate="1" branch-rate="1" complexity="1">
              <lines>
                <line number="7" hits="14" branch="false" />
              </lines>
            </method>
            <method name="get_PermitLimit" signature="()" line-rate="1" branch-rate="1" complexity="1">
              <lines>
                <line number="11" hits="6" branch="false" />
              </lines>
            </method>
            <method name="get_QueueLimit" signature="()" line-rate="1" branch-rate="1" complexity="1">
              <lines>
                <line number="13" hits="4" branch="false" />
              </lines>
            </method>
            <method name="get_TokensPerPeriod" signature="()" line-rate="1" branch-rate="1" complexity="1">
              <lines>
                <line number="15" hits="6" branch="false" />
              </lines>
            </method>
            <method name="get_ReplenishmentPeriodSeconds" signature="()" line-rate="1" branch-rate="1" complexity="1">
              <lines>
                <line number="17" hits="6" branch="false" />
              </lines>
            </method>
          </methods>
          <lines>
            <line number="7" hits="14" branch="false" />
            <line number="11" hits="6" branch="false" />
            <line number="13" hits="4" branch="false" />
            <line number="15" hits="6" branch="false" />
            <line number="17" hits="6" branch="false" />
          </lines>
        </class>
        <class name="Program" filename="D:\Mngm\Currency Converter\CurrencyConverter\server\src\CurrencyConverter.Api\Program.cs" line-rate="0.96" branch-rate="1" complexity="2">
          <methods>
            <method name="&lt;Main&gt;$" signature="(System.String[])" line-rate="0.96" branch-rate="1" complexity="2">
              <lines>
                <line number="10" hits="2" branch="false" />
                <line number="12" hits="2" branch="false" />
                <line number="14" hits="2" branch="false" />
                <line number="15" hits="2" branch="false" />
                <line number="17" hits="2" branch="false" />
                <line number="18" hits="2" branch="false" />
                <line number="19" hits="2" branch="false" />
                <line number="20" hits="2" branch="false" />
                <line number="21" hits="2" branch="false" />
                <line number="22" hits="2" branch="false" />
                <line number="23" hits="2" branch="false" />
                <line number="24" hits="2" branch="false" />
                <line number="25" hits="2" branch="false" />
                <line number="26" hits="4" branch="false" />
                <line number="27" hits="4" branch="false" />
                <line number="29" hits="2" branch="false" />
                <line number="31" hits="2" branch="false" />
                <line number="32" hits="2" branch="false" />
                <line number="33" hits="2" branch="false" />
                <line number="34" hits="2" branch="false" />
                <line number="36" hits="2" branch="false" />
                <line number="37" hits="2" branch="false" />
                <line number="38" hits="2" branch="false" />
                <line number="39" hits="2" branch="false" />
                <line number="40" hits="2" branch="false" />
                <line number="41" hits="2" branch="false" />
                <line number="42" hits="2" branch="false" />
                <line number="43" hits="2" branch="false" />
                <line number="44" hits="2" branch="false" />
                <line number="45" hits="2" branch="false" />
                <line number="46" hits="0" branch="false" />
                <line number="47" hits="0" branch="false" />
                <line number="48" hits="2" branch="false" />
                <line number="50" hits="2" branch="false" />
                <line number="53" hits="2" branch="true" condition-coverage="100% (2/2)" />
                <line number="55" hits="2" branch="false" />
                <line number="56" hits="2" branch="false" />
                <line number="59" hits="2" branch="false" />
                <line number="62" hits="2" branch="false" />
                <line number="64" hits="2" branch="false" />
                <line number="66" hits="2" branch="false" />
                <line number="68" hits="2" branch="false" />
                <line number="70" hits="2" branch="false" />
                <line number="72" hits="2" branch="false" />
                <line number="74" hits="2" branch="false" />
                <line number="76" hits="2" branch="false" />
                <line number="78" hits="2" branch="false" />
                <line number="79" hits="2" branch="false" />
                <line number="80" hits="2" branch="false" />
                <line number="82" hits="2" branch="false" />
              </lines>
            </method>
          </methods>
          <lines>
            <line number="10" hits="2" branch="false" />
            <line number="12" hits="2" branch="false" />
            <line number="14" hits="2" branch="false" />
            <line number="15" hits="2" branch="false" />
            <line number="17" hits="2" branch="false" />
            <line number="18" hits="2" branch="false" />
            <line number="19" hits="2" branch="false" />
            <line number="20" hits="2" branch="false" />
            <line number="21" hits="2" branch="false" />
            <line number="22" hits="2" branch="false" />
            <line number="23" hits="2" branch="false" />
            <line number="24" hits="2" branch="false" />
            <line number="25" hits="2" branch="false" />
            <line number="26" hits="4" branch="false" />
            <line number="27" hits="4" branch="false" />
            <line number="29" hits="2" branch="false" />
            <line number="31" hits="2" branch="false" />
            <line number="32" hits="2" branch="false" />
            <line number="33" hits="2" branch="false" />
            <line number="34" hits="2" branch="false" />
            <line number="36" hits="2" branch="false" />
            <line number="37" hits="2" branch="false" />
            <line number="38" hits="2" branch="false" />
            <line number="39" hits="2" branch="false" />
            <line number="40" hits="2" branch="false" />
            <line number="41" hits="2" branch="false" />
            <line number="42" hits="2" branch="false" />
            <line number="43" hits="2" branch="false" />
            <line number="44" hits="2" branch="false" />
            <line number="45" hits="2" branch="false" />
            <line number="46" hits="0" branch="false" />
            <line number="47" hits="0" branch="false" />
            <line number="48" hits="2" branch="false" />
            <line number="50" hits="2" branch="false" />
            <line number="53" hits="2" branch="true" condition-coverage="100% (2/2)" />
            <line number="55" hits="2" branch="false" />
            <line number="56" hits="2" branch="false" />
            <line number="59" hits="2" branch="false" />
            <line number="62" hits="2" branch="false" />
            <line number="64" hits="2" branch="false" />
            <line number="66" hits="2" branch="false" />
            <line number="68" hits="2" branch="false" />
            <line number="70" hits="2" branch="false" />
            <line number="72" hits="2" branch="false" />
            <line number="74" hits="2" branch="false" />
            <line number="76" hits="2" branch="false" />
            <line number="78" hits="2" branch="false" />
            <line number="79" hits="2" branch="false" />
            <line number="80" hits="2" branch="false" />
            <line number="82" hits="2" branch="false" />
          </lines>
        </class>
      </classes>
    </package>
    <package name="CurrencyConverter.Application" line-rate="1" branch-rate="1" complexity="33">
      <classes>
        <class name="CurrencyConverter.Application.Abstractions.Providers.ConversionProviderResult" filename="D:\Mngm\Currency Converter\CurrencyConverter\server\src\CurrencyConverter.Application\Abstractions\Providers\ICurrencyProvider.cs" line-rate="1" branch-rate="1" complexity="1">
          <methods>
            <method name="get_From" signature="()" line-rate="1" branch-rate="1" complexity="1">
              <lines>
                <line number="19" hits="49" branch="false" />
              </lines>
            </method>
          </methods>
          <lines>
            <line number="19" hits="49" branch="false" />
          </lines>
        </class>
        <class name="CurrencyConverter.Application.Abstractions.Providers.HistoricalRatePoint" filename="D:\Mngm\Currency Converter\CurrencyConverter\server\src\CurrencyConverter.Application\Abstractions\Providers\ICurrencyProvider.cs" line-rate="1" branch-rate="1" complexity="1">
          <methods>
            <method name="get_Date" signature="()" line-rate="1" branch-rate="1" complexity="1">
              <lines>
                <line number="23" hits="188" branch="false" />
              </lines>
            </method>
          </methods>
          <lines>
            <line number="23" hits="188" branch="false" />
          </lines>
        </class>
        <class name="CurrencyConverter.Application.Abstractions.Providers.HistoricalRatesResult" filename="D:\Mngm\Currency Converter\CurrencyConverter\server\src\CurrencyConverter.Application\Abstractions\Providers\ICurrencyProvider.cs" line-rate="1" branch-rate="1" complexity="1">
          <methods>
            <method name="get_BaseCurrency" signature="()" line-rate="1" branch-rate="1" complexity="1">
              <lines>
                <line number="21" hits="26" branch="false" />
              </lines>
            </method>
          </methods>
          <lines>
            <line number="21" hits="26" branch="false" />
          </lines>
        </class>
        <class name="CurrencyConverter.Application.Abstractions.Providers.LatestRatesResult" filename="D:\Mngm\Currency Converter\CurrencyConverter\server\src\CurrencyConverter.Application\Abstractions\Providers\ICurrencyProvider.cs" line-rate="1" branch-rate="1" complexity="1">
          <methods>
            <method name="get_BaseCurrency" signature="()" line-rate="1" branch-rate="1" complexity="1">
              <lines>
                <line number="17" hits="26" branch="false" />
              </lines>
            </method>
          </methods>
          <lines>
            <line number="17" hits="26" branch="false" />
          </lines>
        </class>
        <class name="CurrencyConverter.Application.DTOs.ConversionDto" filename="D:\Mngm\Currency Converter\CurrencyConverter\server\src\CurrencyConverter.Application\DTOs\ConversionDto.cs" line-rate="1" branch-rate="1" complexity="7">
          <methods>
            <method name="get_Amount" signature="()" line-rate="1" branch-rate="1" complexity="1">
              <lines>
                <line number="6" hits="6" branch="false" />
              </lines>
            </method>
            <method name="get_From" signature="()" line-rate="1" branch-rate="1" complexity="1">
              <lines>
                <line number="7" hits="7" branch="false" />
              </lines>
            </method>
            <method name="get_To" signature="()" line-rate="1" branch-rate="1" complexity="1">
              <lines>
                <line number="8" hits="7" branch="false" />
              </lines>
            </method>
            <method name="get_ConvertedAmount" signature="()" line-rate="1" branch-rate="1" complexity="1">
              <lines>
                <line number="9" hits="5" branch="false" />
              </lines>
            </method>
            <method name="get_RateUsed" signature="()" line-rate="1" branch-rate="1" complexity="1">
              <lines>
                <line number="10" hits="5" branch="false" />
              </lines>
            </method>
            <method name="get_AsOf" signature="()" line-rate="1" branch-rate="1" complexity="1">
              <lines>
                <line number="11" hits="12" branch="false" />
              </lines>
            </method>
            <method name=".ctor" signature="(System.Decimal,System.String,System.String,System.Decimal,System.Decimal,System.DateOnly)" line-rate="1" branch-rate="1" complexity="1">
              <lines>
                <line number="5" hits="7" branch="false" />
              </lines>
            </method>
          </methods>
          <lines>
            <line number="5" hits="7" branch="false" />
            <line number="6" hits="6" branch="false" />
            <line number="7" hits="7" branch="false" />
            <line number="8" hits="7" branch="false" />
            <line number="9" hits="5" branch="false" />
            <line number="10" hits="5" branch="false" />
            <line number="11" hits="12" branch="false" />
          </lines>
        </class>
        <class name="CurrencyConverter.Application.DTOs.HistoricalRatePointDto" filename="D:\Mngm\Currency Converter\CurrencyConverter\server\src\CurrencyConverter.Application\DTOs\HistoricalRatePointDto.cs" line-rate="1" branch-rate="1" complexity="3">
          <methods>
            <method name="get_Date" signature="()" line-rate="1" branch-rate="1" complexity="1">
              <lines>
                <line number="6" hits="20" branch="false" />
              </lines>
            </method>
            <method name="get_Rates" signature="()" line-rate="1" branch-rate="1" complexity="1">
              <lines>
                <line number="7" hits="50" branch="false" />
              </lines>
            </method>
            <method name=".ctor" signature="(System.DateOnly,System.Collections.Generic.IReadOnlyDictionary`2&lt;System.String,System.Decimal&gt;)" line-rate="1" branch-rate="1" complexity="1">
              <lines>
                <line number="5" hits="38" branch="false" />
              </lines>
            </method>
          </methods>
          <lines>
            <line number="5" hits="38" branch="false" />
            <line number="6" hits="20" branch="false" />
            <line number="7" hits="50" branch="false" />
          </lines>
        </class>
        <class name="CurrencyConverter.Application.DTOs.HistoricalRatesResponseDto" filename="D:\Mngm\Currency Converter\CurrencyConverter\server\src\CurrencyConverter.Application\DTOs\HistoricalRatesResponseDto.cs" line-rate="1" branch-rate="1" complexity="9">
          <methods>
            <method name="get_BaseCurrency" signature="()" line-rate="1" branch-rate="1" complexity="1">
              <lines>
                <line number="6" hits="1" branch="false" />
              </lines>
            </method>
            <method name="get_StartDate" signature="()" line-rate="1" branch-rate="1" complexity="1">
              <lines>
                <line number="7" hits="1" branch="false" />
              </lines>
            </method>
            <method name="get_EndDate" signature="()" line-rate="1" branch-rate="1" complexity="1">
              <lines>
                <line number="8" hits="1" branch="false" />
              </lines>
            </method>
            <method name="get_Rates" signature="()" line-rate="1" branch-rate="1" complexity="1">
              <lines>
                <line number="9" hits="1" branch="false" />
              </lines>
            </method>
            <method name="get_Page" signature="()" line-rate="1" branch-rate="1" complexity="1">
              <lines>
                <line number="10" hits="2" branch="false" />
              </lines>
            </method>
            <method name="get_PageSize" signature="()" line-rate="1" branch-rate="1" complexity="1">
              <lines>
                <line number="11" hits="2" branch="false" />
              </lines>
            </method>
            <method name="get_TotalItems" signature="()" line-rate="1" branch-rate="1" complexity="1">
              <lines>
                <line number="12" hits="1" branch="false" />
              </lines>
            </method>
            <method name="get_TotalPages" signature="()" line-rate="1" branch-rate="1" complexity="1">
              <lines>
                <line number="13" hits="3" branch="false" />
              </lines>
            </method>
            <method name=".ctor" signature="(System.String,System.String,System.String,System.Collections.Generic.IReadOnlyList`1&lt;CurrencyConverter.Application.DTOs.HistoricalRatePointDto&gt;,System.Int32,System.Int32,System.Int32,System.Int32)" line-rate="1" branch-rate="1" complexity="1">
              <lines>
                <line number="5" hits="2" branch="false" />
              </lines>
            </method>
          </methods>
          <lines>
            <line number="5" hits="2" branch="false" />
            <line number="6" hits="1" branch="false" />
            <line number="7" hits="1" branch="false" />
            <line number="8" hits="1" branch="false" />
            <line number="9" hits="1" branch="false" />
            <line number="10" hits="2" branch="false" />
            <line number="11" hits="2" branch="false" />
            <line number="12" hits="1" branch="false" />
            <line number="13" hits="3" branch="false" />
          </lines>
        </class>
        <class name="CurrencyConverter.Application.DTOs.LatestRatesDto" filename="D:\Mngm\Currency Converter\CurrencyConverter\server\src\CurrencyConverter.Application\DTOs\LatestRatesDto.cs" line-rate="1" branch-rate="1" complexity="4">
          <methods>
            <method name="get_Base" signature="()" line-rate="1" branch-rate="1" complexity="1">
              <lines>
                <line number="6" hits="5" branch="false" />
              </lines>
            </method>
            <method name="get_AsOf" signature="()" line-rate="1" branch-rate="1" complexity="1">
              <lines>
                <line number="7" hits="5" branch="false" />
              </lines>
            </method>
            <method name="get_Rates" signature="()" line-rate="1" branch-rate="1" complexity="1">
              <lines>
                <line number="8" hits="12" branch="false" />
              </lines>
            </method>
            <method name=".ctor" signature="(System.String,System.DateOnly,System.Collections.Generic.IReadOnlyDictionary`2&lt;System.String,System.Decimal&gt;)" line-rate="1" branch-rate="1" complexity="1">
              <lines>
                <line number="5" hits="6" branch="false" />
              </lines>
            </method>
          </methods>
          <lines>
            <line number="5" hits="6" branch="false" />
            <line number="6" hits="5" branch="false" />
            <line number="7" hits="5" branch="false" />
            <line number="8" hits="12" branch="false" />
          </lines>
        </class>
        <class name="CurrencyConverter.Application.Services.ConversionService" filename="D:\Mngm\Currency Converter\CurrencyConverter\server\src\CurrencyConverter.Application\Services\ConversionService.cs" line-rate="1" branch-rate="1" complexity="2">
          <methods>
            <method name=".ctor" signature="(CurrencyConverter.Application.Abstractions.Providers.ICurrencyProviderFactory)" line-rate="1" branch-rate="1" complexity="1">
              <lines>
                <line number="13" hits="34" branch="false" />
                <line number="15" hits="34" branch="false" />
                <line number="16" hits="34" branch="false" />
              </lines>
            </method>
            <method name="ConvertAsync" signature="()" line-rate="1" branch-rate="1" complexity="1">
              <lines>
                <line number="24" hits="33" branch="false" />
                <line number="25" hits="28" branch="false" />
                <line number="27" hits="28" branch="false" />
                <line number="29" hits="6" branch="false" />
                <line number="30" hits="6" branch="false" />
                <line number="31" hits="6" branch="false" />
                <line number="33" hits="6" branch="false" />
                <line number="34" hits="6" branch="false" />
                <line number="35" hits="6" branch="false" />
                <line number="36" hits="6" branch="false" />
                <line number="37" hits="6" branch="false" />
                <line number="38" hits="6" branch="false" />
                <line number="39" hits="6" branch="false" />
                <line number="40" hits="6" branch="false" />
              </lines>
            </method>
          </methods>
          <lines>
            <line number="13" hits="34" branch="false" />
            <line number="15" hits="34" branch="false" />
            <line number="16" hits="34" branch="false" />
            <line number="24" hits="33" branch="false" />
            <line number="25" hits="28" branch="false" />
            <line number="27" hits="28" branch="false" />
            <line number="29" hits="6" branch="false" />
            <line number="30" hits="6" branch="false" />
            <line number="31" hits="6" branch="false" />
            <line number="33" hits="6" branch="false" />
            <line number="34" hits="6" branch="false" />
            <line number="35" hits="6" branch="false" />
            <line number="36" hits="6" branch="false" />
            <line number="37" hits="6" branch="false" />
            <line number="38" hits="6" branch="false" />
            <line number="39" hits="6" branch="false" />
            <line number="40" hits="6" branch="false" />
          </lines>
        </class>
        <class name="CurrencyConverter.Application.Services.ExchangeRatesService" filename="D:\Mngm\Currency Converter\CurrencyConverter\server\src\CurrencyConverter.Application\Services\ExchangeRatesService.cs" line-rate="1" branch-rate="1" complexity="4">
          <methods>
            <method name=".ctor" signature="(CurrencyConverter.Application.Abstractions.Providers.ICurrencyProviderFactory,CurrencyConverter.Application.Abstractions.Caching.IExchangeRateCache)" line-rate="1" branch-rate="1" complexity="1">
              <lines>
                <line number="18" hits="17" branch="false" />
                <line number="20" hits="17" branch="false" />
                <line number="21" hits="17" branch="false" />
                <line number="22" hits="17" branch="false" />
              </lines>
            </method>
            <method name=".cctor" signature="()" line-rate="1" branch-rate="1" complexity="1">
              <lines>
                <line number="12" hits="2" branch="false" />
                <line number="13" hits="2" branch="false" />
              </lines>
            </method>
            <method name="GetHistoricalAsync" signature="()" line-rate="1" branch-rate="1" complexity="1">
              <lines>
                <line number="50" hits="8" branch="false" />
                <line number="51" hits="8" branch="false" />
                <line number="52" hits="7" branch="false" />
                <line number="54" hits="5" branch="false" />
                <line number="56" hits="5" branch="false" />
                <line number="57" hits="5" branch="false" />
                <line number="58" hits="5" branch="false" />
                <line number="59" hits="1" branch="false" />
                <line number="60" hits="1" branch="false" />
                <line number="61" hits="5" branch="false" />
                <line number="63" hits="5" branch="false" />
                <line number="64" hits="5" branch="false" />
                <line number="65" hits="61" branch="false" />
                <line number="66" hits="5" branch="false" />
                <line number="67" hits="5" branch="false" />
                <line number="68" hits="28" branch="false" />
                <line number="69" hits="28" branch="false" />
                <line number="70" hits="656" branch="false" />
                <line number="71" hits="5" branch="false" />
                <line number="73" hits="5" branch="false" />
                <line number="74" hits="5" branch="false" />
              </lines>
            </method>
            <method name="GetLatestAsync" signature="()" line-rate="1" branch-rate="1" complexity="1">
              <lines>
                <line number="26" hits="8" branch="false" />
                <line number="27" hits="6" branch="false" />
                <line number="29" hits="6" branch="false" />
                <line number="30" hits="6" branch="false" />
                <line number="31" hits="6" branch="false" />
                <line number="32" hits="1" branch="false" />
                <line number="33" hits="1" branch="false" />
                <line number="34" hits="6" branch="false" />
                <line number="36" hits="6" branch="false" />
                <line number="37" hits="6" branch="false" />
                <line number="38" hits="6" branch="false" />
                <line number="39" hits="246" branch="false" />
                <line number="40" hits="6" branch="false" />
              </lines>
            </method>
          </methods>
          <lines>
            <line number="12" hits="2" branch="false" />
            <line number="13" hits="2" branch="false" />
            <line number="18" hits="17" branch="false" />
            <line number="20" hits="17" branch="false" />
            <line number="21" hits="17" branch="false" />
            <line number="22" hits="17" branch="false" />
            <line number="26" hits="8" branch="false" />
            <line number="27" hits="6" branch="false" />
            <line number="29" hits="6" branch="false" />
            <line number="30" hits="6" branch="false" />
            <line number="31" hits="6" branch="false" />
            <line number="32" hits="1" branch="false" />
            <line number="33" hits="1" branch="false" />
            <line number="34" hits="6" branch="false" />
            <line number="36" hits="6" branch="false" />
            <line number="37" hits="6" branch="false" />
            <line number="38" hits="6" branch="false" />
            <line number="39" hits="246" branch="false" />
            <line number="40" hits="6" branch="false" />
            <line number="50" hits="8" branch="false" />
            <line number="51" hits="8" branch="false" />
            <line number="52" hits="7" branch="false" />
            <line number="54" hits="5" branch="false" />
            <line number="56" hits="5" branch="false" />
            <line number="57" hits="5" branch="false" />
            <line number="58" hits="5" branch="false" />
            <line number="59" hits="1" branch="false" />
            <line number="60" hits="1" branch="false" />
            <line number="61" hits="5" branch="false" />
            <line number="63" hits="5" branch="false" />
            <line number="64" hits="5" branch="false" />
            <line number="65" hits="61" branch="false" />
            <line number="66" hits="5" branch="false" />
            <line number="67" hits="5" branch="false" />
            <line number="68" hits="28" branch="false" />
            <line number="69" hits="28" branch="false" />
            <line number="70" hits="656" branch="false" />
            <line number="71" hits="5" branch="false" />
            <line number="73" hits="5" branch="false" />
            <line number="74" hits="5" branch="false" />
          </lines>
        </class>
      </classes>
    </package>
    <package name="CurrencyConverter.Domain" line-rate="1" branch-rate="1" complexity="34">
      <classes>
        <class name="CurrencyConverter.Domain.Exceptions.DomainValidationException" filename="D:\Mngm\Currency Converter\CurrencyConverter\server\src\CurrencyConverter.Domain\Exceptions\DomainValidationException.cs" line-rate="1" branch-rate="1" complexity="1">
          <methods>
            <method name=".ctor" signature="(System.String)" line-rate="1" branch-rate="1" complexity="1">
              <lines>
                <line number="4" hits="70" branch="false" />
              </lines>
            </method>
          </methods>
          <lines>
            <line number="4" hits="70" branch="false" />
          </lines>
        </class>
        <class name="CurrencyConverter.Domain.Paging.PagedResult`1" filename="D:\Mngm\Currency Converter\CurrencyConverter\server\src\CurrencyConverter.Domain\Paging\PagedResult.cs" line-rate="1" branch-rate="1" complexity="7">
          <methods>
            <method name="get_Items" signature="()" line-rate="1" branch-rate="1" complexity="1">
              <lines>
                <line number="4" hits="11" branch="false" />
              </lines>
            </method>
            <method name="get_PageNumber" signature="()" line-rate="1" branch-rate="1" complexity="1">
              <lines>
                <line number="5" hits="3" branch="false" />
              </lines>
            </method>
            <method name="get_PageSize" signature="()" line-rate="1" branch-rate="1" complexity="1">
              <lines>
                <line number="6" hits="9" branch="false" />
              </lines>
            </method>
            <method name="get_TotalItems" signature="()" line-rate="1" branch-rate="1" complexity="1">
              <lines>
                <line number="7" hits="29" branch="false" />
              </lines>
            </method>
            <method name="get_TotalPages" signature="()" line-rate="1" branch-rate="1" complexity="2">
              <lines>
                <line number="9" hits="8" branch="true" condition-coverage="100% (2/2)" />
              </lines>
            </method>
            <method name=".ctor" signature="(System.Collections.Generic.IReadOnlyList`1&lt;T&gt;,System.Int32,System.Int32,System.Int32)" line-rate="1" branch-rate="1" complexity="1">
              <lines>
                <line number="3" hits="12" branch="false" />
              </lines>
            </method>
          </methods>
          <lines>
            <line number="3" hits="12" branch="false" />
            <line number="4" hits="11" branch="false" />
            <line number="5" hits="3" branch="false" />
            <line number="6" hits="9" branch="false" />
            <line number="7" hits="29" branch="false" />
            <line number="9" hits="8" branch="true" condition-coverage="100% (2/2)" />
          </lines>
        </class>
        <class name="CurrencyConverter.Domain.Paging.PageRequest" filename="D:\Mngm\Currency Converter\CurrencyConverter\server\src\CurrencyConverter.Domain\Paging\PageRequest.cs" line-rate="1" branch-rate="1" complexity="6">
          <methods>
            <method name="get_PageNumber" signature="()" line-rate="1" branch-rate="1" complexity="1">
              <lines>
                <line number="3" hits="35" branch="false" />
              </lines>
            </method>
            <method name="Create" signature="(System.Int32,System.Int32)" line-rate="1" branch-rate="1" complexity="4">
              <lines>
                <line number="7" hits="19" branch="true" condition-coverage="100% (2/2)" />
                <line number="8" hits="12" branch="true" condition-coverage="100% (2/2)" />
                <line number="10" hits="6" branch="false" />
              </lines>
            </method>
            <method name="Skip" signature="()" line-rate="1" branch-rate="1" complexity="1">
              <lines>
                <line number="13" hits="9" branch="false" />
              </lines>
            </method>
          </methods>
          <lines>
            <line number="3" hits="35" branch="false" />
            <line number="7" hits="19" branch="true" condition-coverage="100% (2/2)" />
            <line number="8" hits="12" branch="true" condition-coverage="100% (2/2)" />
            <line number="10" hits="6" branch="false" />
            <line number="13" hits="9" branch="false" />
          </lines>
        </class>
        <class name="CurrencyConverter.Domain.Requests.ConversionRequest" filename="D:\Mngm\Currency Converter\CurrencyConverter\server\src\CurrencyConverter.Domain\Requests\ConversionRequest.cs" line-rate="1" branch-rate="1" complexity="7">
          <methods>
            <method name="get_From" signature="()" line-rate="1" branch-rate="1" complexity="1">
              <lines>
                <line number="11" hits="28" branch="false" />
              </lines>
            </method>
            <method name="Create" signature="(System.Decimal,CurrencyConverter.Domain.ValueObjects.CurrencyCode,CurrencyConverter.Domain.ValueObjects.CurrencyCode)" line-rate="1" branch-rate="1" complexity="6">
              <lines>
                <line number="15" hits="41" branch="true" condition-coverage="100% (2/2)" />
                <line number="16" hits="9" branch="false" />
                <line number="18" hits="32" branch="true" condition-coverage="100% (4/4)" />
                <line number="19" hits="25" branch="false" />
                <line number="21" hits="7" branch="false" />
              </lines>
            </method>
          </methods>
          <lines>
            <line number="11" hits="28" branch="false" />
            <line number="15" hits="41" branch="true" condition-coverage="100% (2/2)" />
            <line number="16" hits="9" branch="false" />
            <line number="18" hits="32" branch="true" condition-coverage="100% (4/4)" />
            <line number="19" hits="25" branch="false" />
            <line number="21" hits="7" branch="false" />
          </lines>
        </class>
        <class name="CurrencyConverter.Domain.ValueObjects.CurrencyCode" filename="D:\Mngm\Currency Converter\CurrencyConverter\server\src\CurrencyConverter.Domain\ValueObjects\CurrencyCode.cs" line-rate="1" branch-rate="1" complexity="8">
          <methods>
            <method name="get_Value" signature="()" line-rate="1" branch-rate="1" complexity="1">
              <lines>
                <line number="15" hits="558" branch="false" />
              </lines>
            </method>
            <method name="IsExcluded" signature="()" line-rate="1" branch-rate="1" complexity="1">
              <lines>
                <line number="34" hits="62" branch="false" />
              </lines>
            </method>
            <method name="ToString" signature="()" line-rate="1" branch-rate="1" complexity="1">
              <lines>
                <line number="36" hits="1" branch="false" />
              </lines>
            </method>
            <method name=".ctor" signature="(System.String)" line-rate="1" branch-rate="1" complexity="4">
              <lines>
                <line number="19" hits="912" branch="true" condition-coverage="100% (2/2)" />
                <line number="21" hits="4" branch="false" />
                <line number="24" hits="908" branch="false" />
                <line number="25" hits="908" branch="false" />
                <line number="26" hits="908" branch="true" condition-coverage="100% (2/2)" />
                <line number="28" hits="10" branch="false" />
                <line number="31" hits="898" branch="false" />
                <line number="32" hits="898" branch="false" />
              </lines>
            </method>
            <method name=".cctor" signature="()" line-rate="1" branch-rate="1" complexity="1">
              <lines>
                <line number="10" hits="2" branch="false" />
                <line number="11" hits="2" branch="false" />
                <line number="12" hits="2" branch="false" />
                <line number="13" hits="2" branch="false" />
              </lines>
            </method>
          </methods>
          <lines>
            <line number="10" hits="2" branch="false" />
            <line number="11" hits="2" branch="false" />
            <line number="12" hits="2" branch="false" />
            <line number="13" hits="2" branch="false" />
            <line number="15" hits="558" branch="false" />
            <line number="19" hits="912" branch="true" condition-coverage="100% (2/2)" />
            <line number="21" hits="4" branch="false" />
            <line number="24" hits="908" branch="false" />
            <line number="25" hits="908" branch="false" />
            <line number="26" hits="908" branch="true" condition-coverage="100% (2/2)" />
            <line number="28" hits="10" branch="false" />
            <line number="31" hits="898" branch="false" />
            <line number="32" hits="898" branch="false" />
            <line number="34" hits="62" branch="false" />
            <line number="36" hits="1" branch="false" />
          </lines>
        </class>
        <class name="CurrencyConverter.Domain.ValueObjects.DateRange" filename="D:\Mngm\Currency Converter\CurrencyConverter\server\src\CurrencyConverter.Domain\ValueObjects\DateRange.cs" line-rate="1" branch-rate="1" complexity="4">
          <methods>
            <method name="get_Start" signature="()" line-rate="1" branch-rate="1" complexity="1">
              <lines>
                <line number="3" hits="32" branch="false" />
              </lines>
            </method>
            <method name="Create" signature="(System.DateOnly,System.DateOnly)" line-rate="1" branch-rate="1" complexity="2">
              <lines>
                <line number="7" hits="11" branch="true" condition-coverage="100% (2/2)" />
                <line number="8" hits="2" branch="false" />
                <line number="10" hits="9" branch="false" />
              </lines>
            </method>
            <method name="TotalDaysInclusive" signature="()" line-rate="1" branch-rate="1" complexity="1">
              <lines>
                <line number="14" hits="4" branch="false" />
              </lines>
            </method>
          </methods>
          <lines>
            <line number="3" hits="32" branch="false" />
            <line number="7" hits="11" branch="true" condition-coverage="100% (2/2)" />
            <line number="8" hits="2" branch="false" />
            <line number="10" hits="9" branch="false" />
            <line number="14" hits="4" branch="false" />
          </lines>
        </class>
        <class name="CurrencyConverter.Domain.ValueObjects.Money" filename="D:\Mngm\Currency Converter\CurrencyConverter\server\src\CurrencyConverter.Domain\ValueObjects\Money.cs" line-rate="1" branch-rate="1" complexity="1">
          <methods>
            <method name="get_Amount" signature="()" line-rate="1" branch-rate="1" complexity="1">
              <lines>
                <line number="3" hits="14" branch="false" />
              </lines>
            </method>
          </methods>
          <lines>
            <line number="3" hits="14" branch="false" />
          </lines>
        </class>
      </classes>
    </package>
    <package name="CurrencyConverter.Infrastructure" line-rate="1" branch-rate="0.7692307692307693" complexity="50">
      <classes>
        <class name="CurrencyConverter.Infrastructure.Caching.MemoryExchangeRateCache" filename="D:\Mngm\Currency Converter\CurrencyConverter\server\src\CurrencyConverter.Infrastructure\Caching\MemoryExchangeRateCache.cs" line-rate="1" branch-rate="1" complexity="2">
          <methods>
            <method name="GetOrCreateAsync" signature="(System.String,System.TimeSpan,System.Func`2&lt;System.Threading.CancellationToken,System.Threading.Tasks.Task`1&lt;T&gt;&gt;,System.Threading.CancellationToken)" line-rate="1" branch-rate="1" complexity="1">
              <lines>
                <line number="21" hits="12" branch="false" />
                <line number="22" hits="12" branch="false" />
                <line number="23" hits="8" branch="false" />
                <line number="24" hits="8" branch="false" />
                <line number="25" hits="12" branch="false" />
              </lines>
            </method>
            <method name=".ctor" signature="(Microsoft.Extensions.Caching.Memory.IMemoryCache)" line-rate="1" branch-rate="1" complexity="1">
              <lines>
                <line number="10" hits="5" branch="false" />
                <line number="12" hits="5" branch="false" />
                <line number="13" hits="5" branch="false" />
              </lines>
            </method>
          </methods>
          <lines>
            <line number="10" hits="5" branch="false" />
            <line number="12" hits="5" branch="false" />
            <line number="13" hits="5" branch="false" />
            <line number="21" hits="12" branch="false" />
            <line number="22" hits="12" branch="false" />
            <line number="23" hits="8" branch="false" />
            <line number="24" hits="8" branch="false" />
            <line number="25" hits="12" branch="false" />
          </lines>
        </class>
        <class name="CurrencyConverter.Infrastructure.Helpers.FrankfurterTransientErrorClassifier" filename="D:\Mngm\Currency Converter\CurrencyConverter\server\src\CurrencyConverter.Infrastructure\Helpers\FrankfurterTransientErrorClassifier.cs" line-rate="1" branch-rate="1" complexity="10">
          <methods>
            <method name="IsTransient" signature="(Polly.Outcome`1&lt;System.Net.Http.HttpResponseMessage&gt;)" line-rate="1" branch-rate="1" complexity="10">
              <lines>
                <line number="10" hits="28" branch="true" condition-coverage="100% (2/2)" />
                <line number="12" hits="1" branch="false" />
                <line number="15" hits="27" branch="false" />
                <line number="16" hits="27" branch="true" condition-coverage="100% (2/2)" />
                <line number="18" hits="1" branch="false" />
                <line number="21" hits="26" branch="false" />
                <line number="23" hits="26" branch="true" condition-coverage="100% (2/2)" />
                <line number="25" hits="4" branch="false" />
                <line number="28" hits="22" branch="true" condition-coverage="100% (4/4)" />
              </lines>
            </method>
          </methods>
          <lines>
            <line number="10" hits="28" branch="true" condition-coverage="100% (2/2)" />
            <line number="12" hits="1" branch="false" />
            <line number="15" hits="27" branch="false" />
            <line number="16" hits="27" branch="true" condition-coverage="100% (2/2)" />
            <line number="18" hits="1" branch="false" />
            <line number="21" hits="26" branch="false" />
            <line number="23" hits="26" branch="true" condition-coverage="100% (2/2)" />
            <line number="25" hits="4" branch="false" />
            <line number="28" hits="22" branch="true" condition-coverage="100% (4/4)" />
          </lines>
        </class>
        <class name="CurrencyConverter.Infrastructure.Http.OutboundHttpCorrelationLoggingHandler" filename="D:\Mngm\Currency Converter\CurrencyConverter\server\src\CurrencyConverter.Infrastructure\Http\OutboundHttpCorrelationLoggingHandler.cs" line-rate="1" branch-rate="0.6666666666666666" complexity="7">
          <methods>
            <method name=".ctor" signature="(CurrencyConverter.Application.Abstractions.Observability.ICorrelationIdAccessor,Microsoft.Extensions.Logging.ILogger`1&lt;CurrencyConverter.Infrastructure.Http.OutboundHttpCorrelationLoggingHandler&gt;)" line-rate="1" branch-rate="1" complexity="1">
              <lines>
                <line number="14" hits="6" branch="false" />
                <line number="15" hits="6" branch="false" />
                <line number="16" hits="6" branch="false" />
                <line number="18" hits="6" branch="false" />
                <line number="19" hits="6" branch="false" />
                <line number="20" hits="6" branch="false" />
              </lines>
            </method>
            <method name="SendAsync" signature="()" line-rate="1" branch-rate="0.6666666666666666" complexity="6">
              <lines>
                <line number="26" hits="10" branch="false" />
                <line number="28" hits="10" branch="true" condition-coverage="100% (2/2)" />
                <line number="30" hits="7" branch="false" />
                <line number="33" hits="10" branch="false" />
                <line number="37" hits="10" branch="false" />
                <line number="38" hits="8" branch="false" />
                <line number="40" hits="8" branch="true" condition-coverage="50% (1/2)" />
                <line number="41" hits="8" branch="false" />
                <line number="42" hits="8" branch="false" />
                <line number="43" hits="8" branch="false" />
                <line number="44" hits="8" branch="false" />
                <line number="45" hits="8" branch="false" />
                <line number="47" hits="8" branch="false" />
                <line number="49" hits="2" branch="false" />
                <line number="51" hits="2" branch="false" />
                <line number="53" hits="2" branch="true" condition-coverage="50% (1/2)" />
                <line number="54" hits="2" branch="false" />
                <line number="55" hits="2" branch="false" />
                <line number="56" hits="2" branch="false" />
                <line number="57" hits="2" branch="false" />
                <line number="58" hits="2" branch="false" />
                <line number="60" hits="2" branch="false" />
                <line number="62" hits="8" branch="false" />
              </lines>
            </method>
          </methods>
          <lines>
            <line number="14" hits="6" branch="false" />
            <line number="15" hits="6" branch="false" />
            <line number="16" hits="6" branch="false" />
            <line number="18" hits="6" branch="false" />
            <line number="19" hits="6" branch="false" />
            <line number="20" hits="6" branch="false" />
            <line number="26" hits="10" branch="false" />
            <line number="28" hits="10" branch="true" condition-coverage="100% (2/2)" />
            <line number="30" hits="7" branch="false" />
            <line number="33" hits="10" branch="false" />
            <line number="37" hits="10" branch="false" />
            <line number="38" hits="8" branch="false" />
            <line number="40" hits="8" branch="true" condition-coverage="50% (1/2)" />
            <line number="41" hits="8" branch="false" />
            <line number="42" hits="8" branch="false" />
            <line number="43" hits="8" branch="false" />
            <line number="44" hits="8" branch="false" />
            <line number="45" hits="8" branch="false" />
            <line number="47" hits="8" branch="false" />
            <line number="49" hits="2" branch="false" />
            <line number="51" hits="2" branch="false" />
            <line number="53" hits="2" branch="true" condition-coverage="50% (1/2)" />
            <line number="54" hits="2" branch="false" />
            <line number="55" hits="2" branch="false" />
            <line number="56" hits="2" branch="false" />
            <line number="57" hits="2" branch="false" />
            <line number="58" hits="2" branch="false" />
            <line number="60" hits="2" branch="false" />
            <line number="62" hits="8" branch="false" />
          </lines>
        </class>
        <class name="CurrencyConverter.Infrastructure.Options.FrankfurterOptions" filename="D:\Mngm\Currency Converter\CurrencyConverter\server\src\CurrencyConverter.Infrastructure\Options\FrankfurterOptions.cs" line-rate="1" branch-rate="1" complexity="1">
          <methods>
            <method name="get_BaseUrl" signature="()" line-rate="1" branch-rate="1" complexity="1">
              <lines>
                <line number="7" hits="8" branch="false" />
              </lines>
            </method>
          </methods>
          <lines>
            <line number="7" hits="8" branch="false" />
          </lines>
        </class>
        <class name="CurrencyConverter.Infrastructure.Options.FrankfurterResilienceOptions" filename="D:\Mngm\Currency Converter\CurrencyConverter\server\src\CurrencyConverter.Infrastructure\Options\FrankfurterResilienceOptions.cs" line-rate="1" branch-rate="1" complexity="7">
          <methods>
            <method name="get_TimeoutSeconds" signature="()" line-rate="1" branch-rate="1" complexity="1">
              <lines>
                <line number="6" hits="6" branch="false" />
              </lines>
            </method>
            <method name="get_RetryMaxAttempts" signature="()" line-rate="1" branch-rate="1" complexity="1">
              <lines>
                <line number="8" hits="6" branch="false" />
              </lines>
            </method>
            <method name="get_RetryBaseDelayMilliseconds" signature="()" line-rate="1" branch-rate="1" complexity="1">
              <lines>
                <line number="9" hits="6" branch="false" />
              </lines>
            </method>
            <method name="get_CircuitBreakerSamplingSeconds" signature="()" line-rate="1" branch-rate="1" complexity="1">
              <lines>
                <line number="11" hits="6" branch="false" />
              </lines>
            </method>
            <method name="get_CircuitBreakerMinimumThroughput" signature="()" line-rate="1" branch-rate="1" complexity="1">
              <lines>
                <line number="12" hits="6" branch="false" />
              </lines>
            </method>
            <method name="get_CircuitBreakerFailureRatio" signature="()" line-rate="1" branch-rate="1" complexity="1">
              <lines>
                <line number="13" hits="6" branch="false" />
              </lines>
            </method>
            <method name="get_CircuitBreakerBreakSeconds" signature="()" line-rate="1" branch-rate="1" complexity="1">
              <lines>
                <line number="14" hits="6" branch="false" />
              </lines>
            </method>
          </methods>
          <lines>
            <line number="6" hits="6" branch="false" />
            <line number="8" hits="6" branch="false" />
            <line number="9" hits="6" branch="false" />
            <line number="11" hits="6" branch="false" />
            <line number="12" hits="6" branch="false" />
            <line number="13" hits="6" branch="false" />
            <line number="14" hits="6" branch="false" />
          </lines>
        </class>
        <class name="CurrencyConverter.Infrastructure.Options.ProviderOptions" filename="D:\Mngm\Currency Converter\CurrencyConverter\server\src\CurrencyConverter.Infrastructure\Options\ProviderOptions.cs" line-rate="1" branch-rate="1" complexity="1">
          <methods>
            <method name="get_ActiveProvider" signature="()" line-rate="1" branch-rate="1" complexity="1">
              <lines>
                <line number="9" hits="16" branch="false" />
              </lines>
            </method>
          </methods>
          <lines>
            <line number="9" hits="16" branch="false" />
          </lines>
        </class>
        <class name="CurrencyConverter.Infrastructure.Providers.CurrencyProviderFactory" filename="D:\Mngm\Currency Converter\CurrencyConverter\server\src\CurrencyConverter.Infrastructure\Providers\CurrencyProviderFactory.cs" line-rate="1" branch-rate="1" complexity="2">
          <methods>
            <method name="GetProvider" signature="()" line-rate="1" branch-rate="1" complexity="1">
              <lines>
                <line number="21" hits="8" branch="false" />
              </lines>
            </method>
            <method name=".ctor" signature="(System.IServiceProvider,Microsoft.Extensions.Options.IOptions`1&lt;CurrencyConverter.Infrastructure.Options.ProviderOptions&gt;)" line-rate="1" branch-rate="1" complexity="1">
              <lines>
                <line number="13" hits="4" branch="false" />
                <line number="15" hits="4" branch="false" />
                <line number="16" hits="4" branch="false" />
                <line number="17" hits="4" branch="false" />
              </lines>
            </method>
          </methods>
          <lines>
            <line number="13" hits="4" branch="false" />
            <line number="15" hits="4" branch="false" />
            <line number="16" hits="4" branch="false" />
            <line number="17" hits="4" branch="false" />
            <line number="21" hits="8" branch="false" />
          </lines>
        </class>
        <class name="CurrencyConverter.Infrastructure.Providers.FrankfurterCurrencyProvider" filename="D:\Mngm\Currency Converter\CurrencyConverter\server\src\CurrencyConverter.Infrastructure\Providers\FrankfurterCurrencyProvider.cs" line-rate="1" branch-rate="0.6" complexity="11">
          <methods>
            <method name=".ctor" signature="(System.Net.Http.HttpClient)" line-rate="1" branch-rate="1" complexity="1">
              <lines>
                <line number="13" hits="11" branch="false" />
                <line number="15" hits="11" branch="false" />
                <line number="16" hits="11" branch="false" />
              </lines>
            </method>
            <method name="ConvertAsync" signature="()" line-rate="1" branch-rate="0.6666666666666666" complexity="6">
              <lines>
                <line number="38" hits="6" branch="false" />
                <line number="39" hits="6" branch="false" />
                <line number="41" hits="6" branch="true" condition-coverage="50% (1/2)" />
                <line number="42" hits="6" branch="false" />
                <line number="44" hits="6" branch="true" condition-coverage="100% (2/2)" />
                <line number="45" hits="1" branch="false" />
                <line number="47" hits="5" branch="true" condition-coverage="50% (1/2)" />
                <line number="49" hits="5" branch="false" />
                <line number="50" hits="5" branch="false" />
                <line number="51" hits="5" branch="false" />
                <line number="52" hits="5" branch="false" />
                <line number="53" hits="5" branch="false" />
                <line number="54" hits="5" branch="false" />
                <line number="55" hits="5" branch="false" />
                <line number="56" hits="5" branch="false" />
              </lines>
            </method>
            <method name="GetHistoricalRatesAsync" signature="()" line-rate="1" branch-rate="0.5" complexity="2">
              <lines>
                <line number="63" hits="3" branch="false" />
                <line number="64" hits="3" branch="true" condition-coverage="50% (1/2)" />
                <line number="65" hits="3" branch="false" />
                <line number="67" hits="3" branch="false" />
                <line number="68" hits="27" branch="false" />
                <line number="69" hits="27" branch="false" />
                <line number="70" hits="1415" branch="false" />
                <line number="71" hits="3" branch="false" />
                <line number="73" hits="3" branch="false" />
                <line number="74" hits="3" branch="false" />
                <line number="75" hits="3" branch="false" />
                <line number="76" hits="3" branch="false" />
                <line number="77" hits="3" branch="false" />
                <line number="78" hits="3" branch="false" />
                <line number="79" hits="3" branch="false" />
              </lines>
            </method>
            <method name="GetLatestRatesAsync" signature="()" line-rate="1" branch-rate="0.5" complexity="2">
              <lines>
                <line number="22" hits="2" branch="false" />
                <line number="23" hits="2" branch="true" condition-coverage="50% (1/2)" />
                <line number="24" hits="2" branch="false" />
                <line number="26" hits="2" branch="false" />
                <line number="27" hits="2" branch="false" />
                <line number="28" hits="2" branch="false" />
                <line number="29" hits="64" branch="false" />
                <line number="30" hits="2" branch="false" />
              </lines>
            </method>
          </methods>
          <lines>
            <line number="13" hits="11" branch="false" />
            <line number="15" hits="11" branch="false" />
            <line number="16" hits="11" branch="false" />
            <line number="22" hits="2" branch="false" />
            <line number="23" hits="2" branch="true" condition-coverage="50% (1/2)" />
            <line number="24" hits="2" branch="false" />
            <line number="26" hits="2" branch="false" />
            <line number="27" hits="2" branch="false" />
            <line number="28" hits="2" branch="false" />
            <line number="29" hits="64" branch="false" />
            <line number="30" hits="2" branch="false" />
            <line number="38" hits="6" branch="false" />
            <line number="39" hits="6" branch="false" />
            <line number="41" hits="6" branch="true" condition-coverage="50% (1/2)" />
            <line number="42" hits="6" branch="false" />
            <line number="44" hits="6" branch="true" condition-coverage="100% (2/2)" />
            <line number="45" hits="1" branch="false" />
            <line number="47" hits="5" branch="true" condition-coverage="50% (1/2)" />
            <line number="49" hits="5" branch="false" />
            <line number="50" hits="5" branch="false" />
            <line number="51" hits="5" branch="false" />
            <line number="52" hits="5" branch="false" />
            <line number="53" hits="5" branch="false" />
            <line number="54" hits="5" branch="false" />
            <line number="55" hits="5" branch="false" />
            <line number="56" hits="5" branch="false" />
            <line number="63" hits="3" branch="false" />
            <line number="64" hits="3" branch="true" condition-coverage="50% (1/2)" />
            <line number="65" hits="3" branch="false" />
            <line number="67" hits="3" branch="false" />
            <line number="68" hits="27" branch="false" />
            <line number="69" hits="27" branch="false" />
            <line number="70" hits="1415" branch="false" />
            <line number="71" hits="3" branch="false" />
            <line number="73" hits="3" branch="false" />
            <line number="74" hits="3" branch="false" />
            <line number="75" hits="3" branch="false" />
            <line number="76" hits="3" branch="false" />
            <line number="77" hits="3" branch="false" />
            <line number="78" hits="3" branch="false" />
            <line number="79" hits="3" branch="false" />
          </lines>
        </class>
        <class name="CurrencyConverter.Infrastructure.Providers.Responses.FrankfurterHistoricalResponse" filename="D:\Mngm\Currency Converter\CurrencyConverter\server\src\CurrencyConverter.Infrastructure\Providers\Responses\FrankfurterHistoricalResponse.cs" line-rate="1" branch-rate="1" complexity="5">
          <methods>
            <method name="get_Amount" signature="()" line-rate="1" branch-rate="1" complexity="1">
              <lines>
                <line number="8" hits="11" branch="false" />
              </lines>
            </method>
            <method name="get_Base" signature="()" line-rate="1" branch-rate="1" complexity="1">
              <lines>
                <line number="11" hits="22" branch="false" />
              </lines>
            </method>
            <method name="get_StartDate" signature="()" line-rate="1" branch-rate="1" complexity="1">
              <lines>
                <line number="14" hits="24" branch="false" />
              </lines>
            </method>
            <method name="get_EndDate" signature="()" line-rate="1" branch-rate="1" complexity="1">
              <lines>
                <line number="17" hits="24" branch="false" />
              </lines>
            </method>
            <method name="get_Rates" signature="()" line-rate="1" branch-rate="1" complexity="1">
              <lines>
                <line number="20" hits="33" branch="false" />
              </lines>
            </method>
          </methods>
          <lines>
            <line number="8" hits="11" branch="false" />
            <line number="11" hits="22" branch="false" />
            <line number="14" hits="24" branch="false" />
            <line number="17" hits="24" branch="false" />
            <line number="20" hits="33" branch="false" />
          </lines>
        </class>
        <class name="CurrencyConverter.Infrastructure.Providers.Responses.FrankfurterLatestResponse" filename="D:\Mngm\Currency Converter\CurrencyConverter\server\src\CurrencyConverter.Infrastructure\Providers\Responses\FrankfurterLatestResponse.cs" line-rate="1" branch-rate="1" complexity="4">
          <methods>
            <method name="get_Amount" signature="()" line-rate="1" branch-rate="1" complexity="1">
              <lines>
                <line number="8" hits="15" branch="false" />
              </lines>
            </method>
            <method name="get_Base" signature="()" line-rate="1" branch-rate="1" complexity="1">
              <lines>
                <line number="11" hits="28" branch="false" />
              </lines>
            </method>
            <method name="get_Date" signature="()" line-rate="1" branch-rate="1" complexity="1">
              <lines>
                <line number="14" hits="32" branch="false" />
              </lines>
            </method>
            <method name="get_Rates" signature="()" line-rate="1" branch-rate="1" complexity="1">
              <lines>
                <line number="17" hits="42" branch="false" />
              </lines>
            </method>
          </methods>
          <lines>
            <line number="8" hits="15" branch="false" />
            <line number="11" hits="28" branch="false" />
            <line number="14" hits="32" branch="false" />
            <line number="17" hits="42" branch="false" />
          </lines>
        </class>
      </classes>
    </package>
  </packages>
</coverage>