<?xml version="1.0" ?>
<!DOCTYPE coverage SYSTEM "http://cobertura.sourceforge.net/xml/coverage-04.dtd">
<coverage lines-valid="135" lines-covered="87" line-rate="0.6444" branches-valid="86" branches-covered="56" branch-rate="0.6511" timestamp="1770053120922" complexity="0" version="0.1">
  <sources>
    <source>D:/Mngm/Currency Converter/CurrencyConverter/client</source>
  </sources>
  <packages>
    <package name="src" line-rate="0.7666" branch-rate="0.6666">
      <classes>
        <class name="App.tsx" filename="src\App.tsx" line-rate="0.7666" branch-rate="0.6666">
          <methods>
            <method name="App" hits="13" signature="()V">
              <lines>
                <line number="20" hits="13"/>
              </lines>
            </method>
            <method name="(anonymous_1)" hits="7" signature="()V">
              <lines>
                <line number="26" hits="7"/>
              </lines>
            </method>
            <method name="(anonymous_2)" hits="7" signature="()V">
              <lines>
                <line number="27" hits="7"/>
              </lines>
            </method>
            <method name="(anonymous_3)" hits="0" signature="()V">
              <lines>
                <line number="47" hits="0"/>
              </lines>
            </method>
            <method name="(anonymous_4)" hits="0" signature="()V">
              <lines>
                <line number="90" hits="0"/>
              </lines>
            </method>
            <method name="(anonymous_5)" hits="0" signature="()V">
              <lines>
                <line number="116" hits="0"/>
              </lines>
            </method>
            <method name="(anonymous_6)" hits="0" signature="()V">
              <lines>
                <line number="126" hits="0"/>
              </lines>
            </method>
            <method name="(anonymous_7)" hits="0" signature="()V">
              <lines>
                <line number="136" hits="0"/>
              </lines>
            </method>
          </methods>
          <lines>
            <line number="9" hits="1" branch="false"/>
            <line number="21" hits="13" branch="false"/>
            <line number="22" hits="13" branch="false"/>
            <line number="23" hits="13" branch="false"/>
            <line number="24" hits="13" branch="false"/>
            <line number="26" hits="13" branch="false"/>
            <line number="27" hits="7" branch="false"/>
            <line number="28" hits="7" branch="false"/>
            <line number="31" hits="7" branch="false"/>
            <line number="32" hits="7" branch="false"/>
            <line number="33" hits="4" branch="false"/>
            <line number="34" hits="4" branch="false"/>
            <line number="36" hits="3" branch="false"/>
            <line number="37" hits="3" branch="true" condition-coverage="50% (1/2)"/>
            <line number="38" hits="3" branch="false"/>
            <line number="40" hits="7" branch="false"/>
            <line number="44" hits="7" branch="false"/>
            <line number="47" hits="13" branch="false"/>
            <line number="48" hits="0" branch="false"/>
            <line number="49" hits="0" branch="false"/>
            <line number="50" hits="0" branch="false"/>
            <line number="53" hits="13" branch="true" condition-coverage="100% (2/2)"/>
            <line number="54" hits="7" branch="false"/>
            <line number="67" hits="6" branch="true" condition-coverage="100% (2/2)"/>
            <line number="68" hits="3" branch="false"/>
            <line number="90" hits="0" branch="false"/>
            <line number="100" hits="3" branch="false"/>
            <line number="116" hits="0" branch="false"/>
            <line number="126" hits="0" branch="false"/>
            <line number="136" hits="0" branch="false"/>
          </lines>
        </class>
      </classes>
    </package>
    <package name="src.components" line-rate="0.8732" branch-rate="0.8571">
      <classes>
        <class name="ConverterSection.tsx" filename="src\components\ConverterSection.tsx" line-rate="0.8709" branch-rate="0.9">
          <methods>
            <method name="ConverterSection" hits="23" signature="()V">
              <lines>
                <line number="8" hits="23"/>
              </lines>
            </method>
            <method name="(anonymous_1)" hits="483" signature="()V">
              <lines>
                <line number="16" hits="483"/>
              </lines>
            </method>
            <method name="(anonymous_2)" hits="3" signature="()V">
              <lines>
                <line number="20" hits="3"/>
              </lines>
            </method>
            <method name="(anonymous_3)" hits="2" signature="()V">
              <lines>
                <line number="21" hits="2"/>
              </lines>
            </method>
            <method name="(anonymous_4)" hits="5" signature="()V">
              <lines>
                <line number="27" hits="5"/>
              </lines>
            </method>
            <method name="(anonymous_5)" hits="1" signature="()V">
              <lines>
                <line number="47" hits="1"/>
              </lines>
            </method>
            <method name="(anonymous_6)" hits="5" signature="()V">
              <lines>
                <line number="66" hits="5"/>
              </lines>
            </method>
            <method name="(anonymous_7)" hits="0" signature="()V">
              <lines>
                <line number="73" hits="0"/>
              </lines>
            </method>
            <method name="(anonymous_8)" hits="483" signature="()V">
              <lines>
                <line number="76" hits="483"/>
              </lines>
            </method>
            <method name="(anonymous_9)" hits="0" signature="()V">
              <lines>
                <line number="100" hits="0"/>
              </lines>
            </method>
            <method name="(anonymous_10)" hits="483" signature="()V">
              <lines>
                <line number="103" hits="483"/>
              </lines>
            </method>
          </methods>
          <lines>
            <line number="9" hits="23" branch="false"/>
            <line number="10" hits="23" branch="false"/>
            <line number="11" hits="23" branch="false"/>
            <line number="12" hits="23" branch="false"/>
            <line number="13" hits="23" branch="false"/>
            <line number="15" hits="23" branch="false"/>
            <line number="16" hits="483" branch="false"/>
            <line number="19" hits="23" branch="false"/>
            <line number="20" hits="3" branch="false"/>
            <line number="22" hits="2" branch="false"/>
            <line number="23" hits="2" branch="false"/>
            <line number="27" hits="23" branch="false"/>
            <line number="29" hits="5" branch="false"/>
            <line number="32" hits="5" branch="false"/>
            <line number="33" hits="5" branch="true" condition-coverage="100% (4/4)"/>
            <line number="34" hits="2" branch="false"/>
            <line number="35" hits="2" branch="false"/>
            <line number="39" hits="3" branch="true" condition-coverage="75% (3/4)"/>
            <line number="40" hits="0" branch="false"/>
            <line number="41" hits="0" branch="false"/>
            <line number="44" hits="3" branch="false"/>
            <line number="47" hits="23" branch="false"/>
            <line number="48" hits="1" branch="false"/>
            <line number="49" hits="1" branch="false"/>
            <line number="50" hits="1" branch="false"/>
            <line number="53" hits="23" branch="false"/>
            <line number="66" hits="5" branch="false"/>
            <line number="73" hits="0" branch="false"/>
            <line number="77" hits="483" branch="false"/>
            <line number="100" hits="0" branch="false"/>
            <line number="104" hits="483" branch="false"/>
          </lines>
        </class>
        <class name="HistoricalSection.tsx" filename="src\components\HistoricalSection.tsx" line-rate="0.8214" branch-rate="0.7692">
          <methods>
            <method name="HistoricalSection" hits="32" signature="()V">
              <lines>
                <line number="9" hits="32"/>
              </lines>
            </method>
            <method name="(anonymous_1)" hits="17" signature="()V">
              <lines>
                <line number="18" hits="17"/>
              </lines>
            </method>
            <method name="(anonymous_2)" hits="2" signature="()V">
              <lines>
                <line number="21" hits="2"/>
              </lines>
            </method>
            <method name="(anonymous_3)" hits="1" signature="()V">
              <lines>
                <line number="47" hits="1"/>
              </lines>
            </method>
            <method name="(anonymous_4)" hits="672" signature="()V">
              <lines>
                <line number="53" hits="672"/>
              </lines>
            </method>
            <method name="(anonymous_5)" hits="2" signature="()V">
              <lines>
                <line number="70" hits="2"/>
              </lines>
            </method>
            <method name="(anonymous_6)" hits="0" signature="()V">
              <lines>
                <line number="88" hits="0"/>
              </lines>
            </method>
            <method name="(anonymous_7)" hits="42" signature="()V">
              <lines>
                <line number="120" hits="42"/>
              </lines>
            </method>
            <method name="(anonymous_8)" hits="42" signature="()V">
              <lines>
                <line number="131" hits="42"/>
              </lines>
            </method>
            <method name="(anonymous_9)" hits="126" signature="()V">
              <lines>
                <line number="136" hits="126"/>
              </lines>
            </method>
            <method name="(anonymous_10)" hits="0" signature="()V">
              <lines>
                <line number="155" hits="0"/>
              </lines>
            </method>
            <method name="(anonymous_11)" hits="24" signature="()V">
              <lines>
                <line number="162" hits="24"/>
              </lines>
            </method>
            <method name="(anonymous_12)" hits="2" signature="()V">
              <lines>
                <line number="167" hits="2"/>
              </lines>
            </method>
            <method name="(anonymous_13)" hits="0" signature="()V">
              <lines>
                <line number="182" hits="0"/>
              </lines>
            </method>
            <method name="(anonymous_14)" hits="0" signature="()V">
              <lines>
                <line number="194" hits="0"/>
              </lines>
            </method>
          </methods>
          <lines>
            <line number="10" hits="32" branch="false"/>
            <line number="11" hits="32" branch="false"/>
            <line number="12" hits="32" branch="false"/>
            <line number="13" hits="32" branch="false"/>
            <line number="14" hits="32" branch="false"/>
            <line number="16" hits="32" branch="false"/>
            <line number="18" hits="17" branch="false"/>
            <line number="21" hits="32" branch="false"/>
            <line number="22" hits="2" branch="true" condition-coverage="80% (4/5)"/>
            <line number="23" hits="2" branch="false"/>
            <line number="28" hits="32" branch="true" condition-coverage="100% (5/5)"/>
            <line number="32" hits="32" branch="false"/>
            <line number="48" hits="1" branch="false"/>
            <line number="49" hits="1" branch="false"/>
            <line number="54" hits="672" branch="false"/>
            <line number="71" hits="2" branch="false"/>
            <line number="72" hits="2" branch="false"/>
            <line number="89" hits="0" branch="false"/>
            <line number="90" hits="0" branch="false"/>
            <line number="121" hits="42" branch="false"/>
            <line number="132" hits="42" branch="false"/>
            <line number="137" hits="126" branch="false"/>
            <line number="155" hits="0" branch="false"/>
            <line number="163" hits="24" branch="false"/>
            <line number="164" hits="24" branch="false"/>
            <line number="167" hits="2" branch="false"/>
            <line number="182" hits="0" branch="false"/>
            <line number="194" hits="0" branch="false"/>
          </lines>
        </class>
        <class name="LiveRatesSection.tsx" filename="src\components\LiveRatesSection.tsx" line-rate="1" branch-rate="1">
          <methods>
            <method name="LiveRatesSection" hits="13" signature="()V">
              <lines>
                <line number="8" hits="13"/>
              </lines>
            </method>
            <method name="(anonymous_1)" hits="9" signature="()V">
              <lines>
                <line number="13" hits="9"/>
              </lines>
            </method>
            <method name="(anonymous_2)" hits="20" signature="()V">
              <lines>
                <line number="16" hits="20"/>
              </lines>
            </method>
            <method name="(anonymous_3)" hits="1" signature="()V">
              <lines>
                <line number="36" hits="1"/>
              </lines>
            </method>
            <method name="(anonymous_4)" hits="273" signature="()V">
              <lines>
                <line number="39" hits="273"/>
              </lines>
            </method>
            <method name="(anonymous_5)" hits="1" signature="()V">
              <lines>
                <line number="46" hits="1"/>
              </lines>
            </method>
            <method name="(anonymous_6)" hits="20" signature="()V">
              <lines>
                <line number="67" hits="20"/>
              </lines>
            </method>
          </methods>
          <lines>
            <line number="9" hits="13" branch="false"/>
            <line number="11" hits="13" branch="false"/>
            <line number="13" hits="9" branch="false"/>
            <line number="16" hits="13" branch="false"/>
            <line number="18" hits="20" branch="false"/>
            <line number="19" hits="20" branch="false"/>
            <line number="25" hits="13" branch="false"/>
            <line number="36" hits="1" branch="false"/>
            <line number="40" hits="273" branch="false"/>
            <line number="46" hits="1" branch="false"/>
            <line number="68" hits="20" branch="false"/>
            <line number="69" hits="20" branch="false"/>
          </lines>
        </class>
      </classes>
    </package>
    <package name="src.lib" line-rate="0" branch-rate="0">
      <classes>
        <class name="api-client.ts" filename="src\lib\api-client.ts" line-rate="0" branch-rate="0">
          <methods>
            <method name="(anonymous_0)" hits="0" signature="()V">
              <lines>
                <line number="8" hits="0"/>
              </lines>
            </method>
            <method name="(anonymous_1)" hits="0" signature="()V">
              <lines>
                <line number="16" hits="0"/>
              </lines>
            </method>
            <method name="(anonymous_2)" hits="0" signature="()V">
              <lines>
                <line number="24" hits="0"/>
              </lines>
            </method>
            <method name="(anonymous_3)" hits="0" signature="()V">
              <lines>
                <line number="28" hits="0"/>
              </lines>
            </method>
            <method name="(anonymous_4)" hits="0" signature="()V">
              <lines>
                <line number="32" hits="0"/>
              </lines>
            </method>
            <method name="(anonymous_5)" hits="0" signature="()V">
              <lines>
                <line number="39" hits="0"/>
              </lines>
            </method>
            <method name="(anonymous_6)" hits="0" signature="()V">
              <lines>
                <line number="79" hits="0"/>
              </lines>
            </method>
            <method name="(anonymous_7)" hits="0" signature="()V">
              <lines>
                <line number="86" hits="0"/>
              </lines>
            </method>
            <method name="(anonymous_8)" hits="0" signature="()V">
              <lines>
                <line number="93" hits="0"/>
              </lines>
            </method>
          </methods>
          <lines>
            <line number="6" hits="0" branch="false"/>
            <line number="9" hits="0" branch="false"/>
            <line number="16" hits="0" branch="false"/>
            <line number="17" hits="0" branch="true" condition-coverage="0% (0/2)"/>
            <line number="18" hits="0" branch="false"/>
            <line number="20" hits="0" branch="false"/>
            <line number="25" hits="0" branch="false"/>
            <line number="29" hits="0" branch="false"/>
            <line number="33" hits="0" branch="false"/>
            <line number="40" hits="0" branch="false"/>
            <line number="42" hits="0" branch="false"/>
            <line number="43" hits="0" branch="false"/>
            <line number="45" hits="0" branch="false"/>
            <line number="50" hits="0" branch="false"/>
            <line number="51" hits="0" branch="false"/>
            <line number="52" hits="0" branch="false"/>
            <line number="53" hits="0" branch="false"/>
            <line number="55" hits="0" branch="true" condition-coverage="0% (0/2)"/>
            <line number="56" hits="0" branch="false"/>
            <line number="65" hits="0" branch="true" condition-coverage="0% (0/4)"/>
            <line number="66" hits="0" branch="false"/>
            <line number="69" hits="0" branch="true" condition-coverage="0% (0/2)"/>
            <line number="70" hits="0" branch="false"/>
            <line number="73" hits="0" branch="true" condition-coverage="0% (0/2)"/>
            <line number="75" hits="0" branch="false"/>
            <line number="80" hits="0" branch="false"/>
            <line number="83" hits="0" branch="false"/>
            <line number="87" hits="0" branch="false"/>
            <line number="90" hits="0" branch="false"/>
            <line number="100" hits="0" branch="false"/>
            <line number="103" hits="0" branch="false"/>
            <line number="107" hits="0" branch="false"/>
          </lines>
        </class>
      </classes>
    </package>
    <package name="src.types" line-rate="1" branch-rate="1">
      <classes>
        <class name="api.ts" filename="src\types\api.ts" line-rate="1" branch-rate="1">
          <methods>
          </methods>
          <lines>
            <line number="37" hits="3" branch="false"/>
            <line number="39" hits="3" branch="false"/>
          </lines>
        </class>
      </classes>
    </package>
  </packages>
</coverage>
