{"D:\\Mngm\\Currency Converter\\CurrencyConverter\\client\\src\\App.tsx": {"path":"D:\\Mngm\\Currency Converter\\CurrencyConverter\\client\\src\\App.tsx","statementMap":{"0":{"start":{"line":9,"column":20},"end":{"line":16,"column":null}},"1":{"start":{"line":21,"column":40},"end":{"line":21,"column":null}},"2":{"start":{"line":22,"column":44},"end":{"line":22,"column":null}},"3":{"start":{"line":23,"column":32},"end":{"line":23,"column":null}},"4":{"start":{"line":24,"column":32},"end":{"line":24,"column":null}},"5":{"start":{"line":26,"column":2},"end":{"line":45,"column":null}},"6":{"start":{"line":27,"column":21},"end":{"line":42,"column":null}},"7":{"start":{"line":28,"column":6},"end":{"line":41,"column":null}},"8":{"start":{"line":31,"column":8},"end":{"line":31,"column":null}},"9":{"start":{"line":32,"column":8},"end":{"line":32,"column":null}},"10":{"start":{"line":33,"column":8},"end":{"line":33,"column":null}},"11":{"start":{"line":34,"column":8},"end":{"line":34,"column":null}},"12":{"start":{"line":36,"column":8},"end":{"line":36,"column":null}},"13":{"start":{"line":37,"column":29},"end":{"line":37,"column":null}},"14":{"start":{"line":38,"column":8},"end":{"line":38,"column":null}},"15":{"start":{"line":40,"column":8},"end":{"line":40,"column":null}},"16":{"start":{"line":44,"column":4},"end":{"line":44,"column":null}},"17":{"start":{"line":47,"column":26},"end":{"line":51,"column":null}},"18":{"start":{"line":48,"column":4},"end":{"line":48,"column":null}},"19":{"start":{"line":49,"column":20},"end":{"line":49,"column":null}},"20":{"start":{"line":50,"column":4},"end":{"line":50,"column":null}},"21":{"start":{"line":53,"column":2},"end":{"line":65,"column":null}},"22":{"start":{"line":54,"column":4},"end":{"line":63,"column":null}},"23":{"start":{"line":67,"column":2},"end":{"line":98,"column":null}},"24":{"start":{"line":68,"column":4},"end":{"line":96,"column":null}},"25":{"start":{"line":90,"column":27},"end":{"line":90,"column":null}},"26":{"start":{"line":100,"column":2},"end":{"line":217,"column":null}},"27":{"start":{"line":116,"column":33},"end":{"line":116,"column":null}},"28":{"start":{"line":126,"column":33},"end":{"line":126,"column":null}},"29":{"start":{"line":136,"column":33},"end":{"line":136,"column":null}}},"fnMap":{"0":{"name":"App","decl":{"start":{"line":20,"column":9},"end":{"line":20,"column":15}},"loc":{"start":{"line":20,"column":15},"end":{"line":219,"column":null}},"line":20},"1":{"name":"(anonymous_1)","decl":{"start":{"line":26,"column":12},"end":{"line":26,"column":18}},"loc":{"start":{"line":26,"column":18},"end":{"line":45,"column":5}},"line":26},"2":{"name":"(anonymous_2)","decl":{"start":{"line":27,"column":21},"end":{"line":27,"column":33}},"loc":{"start":{"line":27,"column":33},"end":{"line":42,"column":null}},"line":27},"3":{"name":"(anonymous_3)","decl":{"start":{"line":47,"column":26},"end":{"line":47,"column":27}},"loc":{"start":{"line":47,"column":48},"end":{"line":51,"column":null}},"line":47},"4":{"name":"(anonymous_4)","decl":{"start":{"line":90,"column":21},"end":{"line":90,"column":27}},"loc":{"start":{"line":90,"column":27},"end":{"line":90,"column":null}},"line":90},"5":{"name":"(anonymous_5)","decl":{"start":{"line":116,"column":27},"end":{"line":116,"column":33}},"loc":{"start":{"line":116,"column":33},"end":{"line":116,"column":null}},"line":116},"6":{"name":"(anonymous_6)","decl":{"start":{"line":126,"column":27},"end":{"line":126,"column":33}},"loc":{"start":{"line":126,"column":33},"end":{"line":126,"column":null}},"line":126},"7":{"name":"(anonymous_7)","decl":{"start":{"line":136,"column":27},"end":{"line":136,"column":33}},"loc":{"start":{"line":136,"column":33},"end":{"line":136,"column":null}},"line":136}},"branchMap":{"0":{"loc":{"start":{"line":37,"column":29},"end":{"line":37,"column":null}},"type":"cond-expr","locations":[{"start":{"line":37,"column":54},"end":{"line":37,"column":70}},{"start":{"line":37,"column":70},"end":{"line":37,"column":null}}],"line":37},"1":{"loc":{"start":{"line":53,"column":2},"end":{"line":65,"column":null}},"type":"if","locations":[{"start":{"line":53,"column":2},"end":{"line":65,"column":null}},{"start":{},"end":{}}],"line":53},"2":{"loc":{"start":{"line":67,"column":2},"end":{"line":98,"column":null}},"type":"if","locations":[{"start":{"line":67,"column":2},"end":{"line":98,"column":null}},{"start":{},"end":{}}],"line":67},"3":{"loc":{"start":{"line":118,"column":20},"end":{"line":120,"column":null}},"type":"cond-expr","locations":[{"start":{"line":119,"column":24},"end":{"line":119,"column":null}},{"start":{"line":120,"column":24},"end":{"line":120,"column":null}}],"line":118},"4":{"loc":{"start":{"line":128,"column":20},"end":{"line":130,"column":null}},"type":"cond-expr","locations":[{"start":{"line":129,"column":24},"end":{"line":129,"column":null}},{"start":{"line":130,"column":24},"end":{"line":130,"column":null}}],"line":128},"5":{"loc":{"start":{"line":138,"column":20},"end":{"line":140,"column":null}},"type":"cond-expr","locations":[{"start":{"line":139,"column":24},"end":{"line":139,"column":null}},{"start":{"line":140,"column":24},"end":{"line":140,"column":null}}],"line":138}},"s":{"0":1,"1":13,"2":13,"3":13,"4":13,"5":13,"6":7,"7":7,"8":7,"9":7,"10":4,"11":4,"12":3,"13":3,"14":3,"15":7,"16":7,"17":13,"18":0,"19":0,"20":0,"21":13,"22":7,"23":6,"24":3,"25":0,"26":3,"27":0,"28":0,"29":0},"f":{"0":13,"1":7,"2":7,"3":0,"4":0,"5":0,"6":0,"7":0},"b":{"0":[3,0],"1":[7,6],"2":[3,3],"3":[3,0],"4":[0,3],"5":[0,3]},"meta":{"lastBranch":6,"lastFunction":8,"lastStatement":30,"seen":{"s:9:20:16:Infinity":0,"f:20:9:20:15":0,"s:21:40:21:Infinity":1,"s:22:44:22:Infinity":2,"s:23:32:23:Infinity":3,"s:24:32:24:Infinity":4,"s:26:2:45:Infinity":5,"f:26:12:26:18":1,"s:27:21:42:Infinity":6,"f:27:21:27:33":2,"s:28:6:41:Infinity":7,"s:31:8:31:Infinity":8,"s:32:8:32:Infinity":9,"s:33:8:33:Infinity":10,"s:34:8:34:Infinity":11,"s:36:8:36:Infinity":12,"s:37:29:37:Infinity":13,"b:37:54:37:70:37:70:37:Infinity":0,"s:38:8:38:Infinity":14,"s:40:8:40:Infinity":15,"s:44:4:44:Infinity":16,"s:47:26:51:Infinity":17,"f:47:26:47:27":3,"s:48:4:48:Infinity":18,"s:49:20:49:Infinity":19,"s:50:4:50:Infinity":20,"b:53:2:65:Infinity:undefined:undefined:undefined:undefined":1,"s:53:2:65:Infinity":21,"s:54:4:63:Infinity":22,"b:67:2:98:Infinity:undefined:undefined:undefined:undefined":2,"s:67:2:98:Infinity":23,"s:68:4:96:Infinity":24,"f:90:21:90:27":4,"s:90:27:90:Infinity":25,"s:100:2:217:Infinity":26,"f:116:27:116:33":5,"s:116:33:116:Infinity":27,"b:119:24:119:Infinity:120:24:120:Infinity":3,"f:126:27:126:33":6,"s:126:33:126:Infinity":28,"b:129:24:129:Infinity:130:24:130:Infinity":4,"f:136:27:136:33":7,"s:136:33:136:Infinity":29,"b:139:24:139:Infinity:140:24:140:Infinity":5}}}
,"D:\\Mngm\\Currency Converter\\CurrencyConverter\\client\\src\\components\\ConverterSection.tsx": {"path":"D:\\Mngm\\Currency Converter\\CurrencyConverter\\client\\src\\components\\ConverterSection.tsx","statementMap":{"0":{"start":{"line":9,"column":26},"end":{"line":9,"column":null}},"1":{"start":{"line":10,"column":38},"end":{"line":10,"column":null}},"2":{"start":{"line":11,"column":34},"end":{"line":11,"column":null}},"3":{"start":{"line":12,"column":26},"end":{"line":12,"column":null}},"4":{"start":{"line":13,"column":44},"end":{"line":13,"column":null}},"5":{"start":{"line":15,"column":30},"end":{"line":17,"column":null}},"6":{"start":{"line":16,"column":18},"end":{"line":16,"column":null}},"7":{"start":{"line":19,"column":8},"end":{"line":25,"column":null}},"8":{"start":{"line":20,"column":22},"end":{"line":20,"column":null}},"9":{"start":{"line":22,"column":6},"end":{"line":22,"column":null}},"10":{"start":{"line":23,"column":6},"end":{"line":23,"column":null}},"11":{"start":{"line":27,"column":24},"end":{"line":45,"column":null}},"12":{"start":{"line":29,"column":4},"end":{"line":29,"column":null}},"13":{"start":{"line":32,"column":22},"end":{"line":32,"column":null}},"14":{"start":{"line":33,"column":4},"end":{"line":36,"column":null}},"15":{"start":{"line":34,"column":6},"end":{"line":34,"column":null}},"16":{"start":{"line":35,"column":6},"end":{"line":35,"column":null}},"17":{"start":{"line":39,"column":4},"end":{"line":42,"column":null}},"18":{"start":{"line":40,"column":6},"end":{"line":40,"column":null}},"19":{"start":{"line":41,"column":6},"end":{"line":41,"column":null}},"20":{"start":{"line":44,"column":4},"end":{"line":44,"column":null}},"21":{"start":{"line":47,"column":25},"end":{"line":51,"column":null}},"22":{"start":{"line":48,"column":4},"end":{"line":48,"column":null}},"23":{"start":{"line":49,"column":4},"end":{"line":49,"column":null}},"24":{"start":{"line":50,"column":4},"end":{"line":50,"column":null}},"25":{"start":{"line":53,"column":2},"end":{"line":166,"column":null}},"26":{"start":{"line":66,"column":35},"end":{"line":66,"column":null}},"27":{"start":{"line":73,"column":33},"end":{"line":73,"column":null}},"28":{"start":{"line":77,"column":18},"end":{"line":79,"column":null}},"29":{"start":{"line":100,"column":33},"end":{"line":100,"column":null}},"30":{"start":{"line":104,"column":18},"end":{"line":106,"column":null}}},"fnMap":{"0":{"name":"ConverterSection","decl":{"start":{"line":8,"column":24},"end":{"line":8,"column":43}},"loc":{"start":{"line":8,"column":43},"end":{"line":168,"column":null}},"line":8},"1":{"name":"(anonymous_1)","decl":{"start":{"line":16,"column":4},"end":{"line":16,"column":5}},"loc":{"start":{"line":16,"column":18},"end":{"line":16,"column":null}},"line":16},"2":{"name":"(anonymous_2)","decl":{"start":{"line":20,"column":16},"end":{"line":20,"column":22}},"loc":{"start":{"line":20,"column":22},"end":{"line":20,"column":null}},"line":20},"3":{"name":"(anonymous_3)","decl":{"start":{"line":21,"column":15},"end":{"line":21,"column":16}},"loc":{"start":{"line":21,"column":25},"end":{"line":24,"column":null}},"line":21},"4":{"name":"(anonymous_4)","decl":{"start":{"line":27,"column":24},"end":{"line":27,"column":30}},"loc":{"start":{"line":27,"column":30},"end":{"line":45,"column":null}},"line":27},"5":{"name":"(anonymous_5)","decl":{"start":{"line":47,"column":25},"end":{"line":47,"column":31}},"loc":{"start":{"line":47,"column":31},"end":{"line":51,"column":null}},"line":47},"6":{"name":"(anonymous_6)","decl":{"start":{"line":66,"column":28},"end":{"line":66,"column":29}},"loc":{"start":{"line":66,"column":35},"end":{"line":66,"column":null}},"line":66},"7":{"name":"(anonymous_7)","decl":{"start":{"line":73,"column":26},"end":{"line":73,"column":27}},"loc":{"start":{"line":73,"column":33},"end":{"line":73,"column":null}},"line":73},"8":{"name":"(anonymous_8)","decl":{"start":{"line":76,"column":41},"end":{"line":76,"column":42}},"loc":{"start":{"line":77,"column":18},"end":{"line":79,"column":null}},"line":77},"9":{"name":"(anonymous_9)","decl":{"start":{"line":100,"column":26},"end":{"line":100,"column":27}},"loc":{"start":{"line":100,"column":33},"end":{"line":100,"column":null}},"line":100},"10":{"name":"(anonymous_10)","decl":{"start":{"line":103,"column":41},"end":{"line":103,"column":42}},"loc":{"start":{"line":104,"column":18},"end":{"line":106,"column":null}},"line":104}},"branchMap":{"0":{"loc":{"start":{"line":33,"column":4},"end":{"line":36,"column":null}},"type":"if","locations":[{"start":{"line":33,"column":4},"end":{"line":36,"column":null}},{"start":{},"end":{}}],"line":33},"1":{"loc":{"start":{"line":33,"column":8},"end":{"line":33,"column":44}},"type":"binary-expr","locations":[{"start":{"line":33,"column":8},"end":{"line":33,"column":28}},{"start":{"line":33,"column":28},"end":{"line":33,"column":44}}],"line":33},"2":{"loc":{"start":{"line":39,"column":4},"end":{"line":42,"column":null}},"type":"if","locations":[{"start":{"line":39,"column":4},"end":{"line":42,"column":null}},{"start":{},"end":{}}],"line":39},"3":{"loc":{"start":{"line":39,"column":8},"end":{"line":39,"column":96}},"type":"binary-expr","locations":[{"start":{"line":39,"column":8},"end":{"line":39,"column":54}},{"start":{"line":39,"column":54},"end":{"line":39,"column":96}}],"line":39},"4":{"loc":{"start":{"line":93,"column":25},"end":{"line":93,"column":null}},"type":"cond-expr","locations":[{"start":{"line":93,"column":34},"end":{"line":93,"column":70}},{"start":{"line":93,"column":70},"end":{"line":93,"column":null}}],"line":93},"5":{"loc":{"start":{"line":124,"column":9},"end":{"line":140,"column":null}},"type":"binary-expr","locations":[{"start":{"line":124,"column":9},"end":{"line":124,"column":null}},{"start":{"line":125,"column":10},"end":{"line":140,"column":null}}],"line":124},"6":{"loc":{"start":{"line":149,"column":11},"end":{"line":149,"column":null}},"type":"cond-expr","locations":[{"start":{"line":149,"column":39},"end":{"line":149,"column":57}},{"start":{"line":149,"column":57},"end":{"line":149,"column":null}}],"line":149},"7":{"loc":{"start":{"line":152,"column":9},"end":{"line":155,"column":null}},"type":"binary-expr","locations":[{"start":{"line":152,"column":9},"end":{"line":152,"column":null}},{"start":{"line":153,"column":10},"end":{"line":155,"column":null}}],"line":152},"8":{"loc":{"start":{"line":158,"column":9},"end":{"line":163,"column":null}},"type":"binary-expr","locations":[{"start":{"line":158,"column":9},"end":{"line":158,"column":null}},{"start":{"line":159,"column":10},"end":{"line":163,"column":null}}],"line":158},"9":{"loc":{"start":{"line":160,"column":13},"end":{"line":162,"column":null}},"type":"cond-expr","locations":[{"start":{"line":161,"column":16},"end":{"line":161,"column":null}},{"start":{"line":162,"column":16},"end":{"line":162,"column":null}}],"line":160}},"s":{"0":23,"1":23,"2":23,"3":23,"4":23,"5":23,"6":483,"7":23,"8":3,"9":2,"10":2,"11":23,"12":5,"13":5,"14":5,"15":2,"16":2,"17":3,"18":0,"19":0,"20":3,"21":23,"22":1,"23":1,"24":1,"25":23,"26":5,"27":0,"28":483,"29":0,"30":483},"f":{"0":23,"1":483,"2":3,"3":2,"4":5,"5":1,"6":5,"7":0,"8":483,"9":0,"10":483},"b":{"0":[2,3],"1":[5,5],"2":[0,3],"3":[3,3],"4":[4,19],"5":[23,4],"6":[1,22],"7":[23,2],"8":[23,1],"9":[1,0]},"meta":{"lastBranch":10,"lastFunction":11,"lastStatement":31,"seen":{"f:8:24:8:43":0,"s:9:26:9:Infinity":0,"s:10:38:10:Infinity":1,"s:11:34:11:Infinity":2,"s:12:26:12:Infinity":3,"s:13:44:13:Infinity":4,"s:15:30:17:Infinity":5,"f:16:4:16:5":1,"s:16:18:16:Infinity":6,"s:19:8:25:Infinity":7,"f:20:16:20:22":2,"s:20:22:20:Infinity":8,"f:21:15:21:16":3,"s:22:6:22:Infinity":9,"s:23:6:23:Infinity":10,"s:27:24:45:Infinity":11,"f:27:24:27:30":4,"s:29:4:29:Infinity":12,"s:32:22:32:Infinity":13,"b:33:4:36:Infinity:undefined:undefined:undefined:undefined":0,"s:33:4:36:Infinity":14,"b:33:8:33:28:33:28:33:44":1,"s:34:6:34:Infinity":15,"s:35:6:35:Infinity":16,"b:39:4:42:Infinity:undefined:undefined:undefined:undefined":2,"s:39:4:42:Infinity":17,"b:39:8:39:54:39:54:39:96":3,"s:40:6:40:Infinity":18,"s:41:6:41:Infinity":19,"s:44:4:44:Infinity":20,"s:47:25:51:Infinity":21,"f:47:25:47:31":5,"s:48:4:48:Infinity":22,"s:49:4:49:Infinity":23,"s:50:4:50:Infinity":24,"s:53:2:166:Infinity":25,"f:66:28:66:29":6,"s:66:35:66:Infinity":26,"f:73:26:73:27":7,"s:73:33:73:Infinity":27,"f:76:41:76:42":8,"s:77:18:79:Infinity":28,"b:93:34:93:70:93:70:93:Infinity":4,"f:100:26:100:27":9,"s:100:33:100:Infinity":29,"f:103:41:103:42":10,"s:104:18:106:Infinity":30,"b:124:9:124:Infinity:125:10:140:Infinity":5,"b:149:39:149:57:149:57:149:Infinity":6,"b:152:9:152:Infinity:153:10:155:Infinity":7,"b:158:9:158:Infinity:159:10:163:Infinity":8,"b:161:16:161:Infinity:162:16:162:Infinity":9}}}
,"D:\\Mngm\\Currency Converter\\CurrencyConverter\\client\\src\\components\\HistoricalSection.tsx": {"path":"D:\\Mngm\\Currency Converter\\CurrencyConverter\\client\\src\\components\\HistoricalSection.tsx","statementMap":{"0":{"start":{"line":10,"column":38},"end":{"line":10,"column":null}},"1":{"start":{"line":11,"column":32},"end":{"line":11,"column":null}},"2":{"start":{"line":12,"column":28},"end":{"line":12,"column":null}},"3":{"start":{"line":13,"column":22},"end":{"line":13,"column":null}},"4":{"start":{"line":14,"column":19},"end":{"line":14,"column":null}},"5":{"start":{"line":16,"column":35},"end":{"line":19,"column":null}},"6":{"start":{"line":18,"column":19},"end":{"line":18,"column":null}},"7":{"start":{"line":21,"column":19},"end":{"line":25,"column":null}},"8":{"start":{"line":22,"column":4},"end":{"line":24,"column":null}},"9":{"start":{"line":23,"column":6},"end":{"line":23,"column":null}},"10":{"start":{"line":28,"column":24},"end":{"line":30,"column":null}},"11":{"start":{"line":32,"column":2},"end":{"line":205,"column":null}},"12":{"start":{"line":48,"column":16},"end":{"line":48,"column":null}},"13":{"start":{"line":49,"column":16},"end":{"line":49,"column":null}},"14":{"start":{"line":54,"column":16},"end":{"line":56,"column":null}},"15":{"start":{"line":71,"column":18},"end":{"line":71,"column":null}},"16":{"start":{"line":72,"column":18},"end":{"line":72,"column":null}},"17":{"start":{"line":89,"column":18},"end":{"line":89,"column":null}},"18":{"start":{"line":90,"column":18},"end":{"line":90,"column":null}},"19":{"start":{"line":121,"column":22},"end":{"line":126,"column":null}},"20":{"start":{"line":132,"column":20},"end":{"line":141,"column":null}},"21":{"start":{"line":137,"column":24},"end":{"line":139,"column":null}},"22":{"start":{"line":155,"column":31},"end":{"line":155,"column":null}},"23":{"start":{"line":163,"column":32},"end":{"line":163,"column":null}},"24":{"start":{"line":164,"column":16},"end":{"line":175,"column":null}},"25":{"start":{"line":167,"column":35},"end":{"line":167,"column":null}},"26":{"start":{"line":182,"column":35},"end":{"line":182,"column":null}},"27":{"start":{"line":194,"column":31},"end":{"line":194,"column":null}}},"fnMap":{"0":{"name":"HistoricalSection","decl":{"start":{"line":9,"column":24},"end":{"line":9,"column":44}},"loc":{"start":{"line":9,"column":44},"end":{"line":207,"column":null}},"line":9},"1":{"name":"(anonymous_1)","decl":{"start":{"line":18,"column":13},"end":{"line":18,"column":19}},"loc":{"start":{"line":18,"column":19},"end":{"line":18,"column":null}},"line":18},"2":{"name":"(anonymous_2)","decl":{"start":{"line":21,"column":19},"end":{"line":21,"column":20}},"loc":{"start":{"line":21,"column":40},"end":{"line":25,"column":null}},"line":21},"3":{"name":"(anonymous_3)","decl":{"start":{"line":47,"column":24},"end":{"line":47,"column":25}},"loc":{"start":{"line":47,"column":31},"end":{"line":50,"column":null}},"line":47},"4":{"name":"(anonymous_4)","decl":{"start":{"line":53,"column":30},"end":{"line":53,"column":31}},"loc":{"start":{"line":54,"column":16},"end":{"line":56,"column":null}},"line":54},"5":{"name":"(anonymous_5)","decl":{"start":{"line":70,"column":26},"end":{"line":70,"column":27}},"loc":{"start":{"line":70,"column":33},"end":{"line":73,"column":null}},"line":70},"6":{"name":"(anonymous_6)","decl":{"start":{"line":88,"column":26},"end":{"line":88,"column":27}},"loc":{"start":{"line":88,"column":33},"end":{"line":91,"column":null}},"line":88},"7":{"name":"(anonymous_7)","decl":{"start":{"line":120,"column":39},"end":{"line":120,"column":40}},"loc":{"start":{"line":121,"column":22},"end":{"line":126,"column":null}},"line":121},"8":{"name":"(anonymous_8)","decl":{"start":{"line":131,"column":34},"end":{"line":131,"column":35}},"loc":{"start":{"line":132,"column":20},"end":{"line":141,"column":null}},"line":132},"9":{"name":"(anonymous_9)","decl":{"start":{"line":136,"column":41},"end":{"line":136,"column":42}},"loc":{"start":{"line":137,"column":24},"end":{"line":139,"column":null}},"line":137},"10":{"name":"(anonymous_10)","decl":{"start":{"line":155,"column":25},"end":{"line":155,"column":31}},"loc":{"start":{"line":155,"column":31},"end":{"line":155,"column":null}},"line":155},"11":{"name":"(anonymous_11)","decl":{"start":{"line":162,"column":60},"end":{"line":162,"column":61}},"loc":{"start":{"line":162,"column":70},"end":{"line":177,"column":15}},"line":162},"12":{"name":"(anonymous_12)","decl":{"start":{"line":167,"column":29},"end":{"line":167,"column":35}},"loc":{"start":{"line":167,"column":35},"end":{"line":167,"column":null}},"line":167},"13":{"name":"(anonymous_13)","decl":{"start":{"line":182,"column":29},"end":{"line":182,"column":35}},"loc":{"start":{"line":182,"column":35},"end":{"line":182,"column":null}},"line":182},"14":{"name":"(anonymous_14)","decl":{"start":{"line":194,"column":25},"end":{"line":194,"column":31}},"loc":{"start":{"line":194,"column":31},"end":{"line":194,"column":null}},"line":194}},"branchMap":{"0":{"loc":{"start":{"line":22,"column":4},"end":{"line":24,"column":null}},"type":"if","locations":[{"start":{"line":22,"column":4},"end":{"line":24,"column":null}},{"start":{},"end":{}}],"line":22},"1":{"loc":{"start":{"line":22,"column":8},"end":{"line":22,"column":60}},"type":"binary-expr","locations":[{"start":{"line":22,"column":8},"end":{"line":22,"column":16}},{"start":{"line":22,"column":16},"end":{"line":22,"column":32}},{"start":{"line":22,"column":32},"end":{"line":22,"column":60}}],"line":22},"2":{"loc":{"start":{"line":28,"column":24},"end":{"line":30,"column":null}},"type":"cond-expr","locations":[{"start":{"line":29,"column":6},"end":{"line":29,"column":null}},{"start":{"line":30,"column":6},"end":{"line":30,"column":null}}],"line":28},"3":{"loc":{"start":{"line":28,"column":24},"end":{"line":28,"column":null}},"type":"binary-expr","locations":[{"start":{"line":28,"column":24},"end":{"line":28,"column":39}},{"start":{"line":28,"column":39},"end":{"line":28,"column":64}},{"start":{"line":28,"column":64},"end":{"line":28,"column":null}}],"line":28},"4":{"loc":{"start":{"line":100,"column":7},"end":{"line":101,"column":null}},"type":"binary-expr","locations":[{"start":{"line":100,"column":7},"end":{"line":100,"column":null}},{"start":{"line":101,"column":8},"end":{"line":101,"column":null}}],"line":100},"5":{"loc":{"start":{"line":104,"column":7},"end":{"line":107,"column":null}},"type":"binary-expr","locations":[{"start":{"line":104,"column":7},"end":{"line":104,"column":null}},{"start":{"line":105,"column":8},"end":{"line":107,"column":null}}],"line":104},"6":{"loc":{"start":{"line":110,"column":7},"end":{"line":203,"column":null}},"type":"binary-expr","locations":[{"start":{"line":110,"column":7},"end":{"line":110,"column":15}},{"start":{"line":110,"column":15},"end":{"line":110,"column":null}},{"start":{"line":111,"column":8},"end":{"line":203,"column":null}}],"line":110},"7":{"loc":{"start":{"line":138,"column":27},"end":{"line":138,"column":null}},"type":"binary-expr","locations":[{"start":{"line":138,"column":27},"end":{"line":138,"column":64}},{"start":{"line":138,"column":64},"end":{"line":138,"column":null}}],"line":138},"8":{"loc":{"start":{"line":169,"column":22},"end":{"line":171,"column":null}},"type":"cond-expr","locations":[{"start":{"line":170,"column":26},"end":{"line":170,"column":null}},{"start":{"line":171,"column":26},"end":{"line":171,"column":null}}],"line":169},"9":{"loc":{"start":{"line":178,"column":15},"end":{"line":191,"column":null}},"type":"binary-expr","locations":[{"start":{"line":178,"column":15},"end":{"line":178,"column":38}},{"start":{"line":178,"column":38},"end":{"line":178,"column":null}},{"start":{"line":179,"column":16},"end":{"line":191,"column":null}}],"line":178},"10":{"loc":{"start":{"line":184,"column":22},"end":{"line":186,"column":null}},"type":"cond-expr","locations":[{"start":{"line":185,"column":26},"end":{"line":185,"column":null}},{"start":{"line":186,"column":26},"end":{"line":186,"column":null}}],"line":184}},"s":{"0":32,"1":32,"2":32,"3":32,"4":32,"5":32,"6":17,"7":32,"8":2,"9":2,"10":32,"11":32,"12":1,"13":1,"14":672,"15":2,"16":2,"17":0,"18":0,"19":42,"20":42,"21":126,"22":0,"23":24,"24":24,"25":2,"26":0,"27":0},"f":{"0":32,"1":17,"2":2,"3":1,"4":672,"5":2,"6":0,"7":42,"8":42,"9":126,"10":0,"11":24,"12":2,"13":0,"14":0},"b":{"0":[2,0],"1":[2,2,2],"2":[14,18],"3":[32,14,14],"4":[32,17],"5":[32,1],"6":[32,14,14],"7":[126,0],"8":[14,10],"9":[14,0,0],"10":[0,0]},"meta":{"lastBranch":11,"lastFunction":15,"lastStatement":28,"seen":{"f:9:24:9:44":0,"s:10:38:10:Infinity":0,"s:11:32:11:Infinity":1,"s:12:28:12:Infinity":2,"s:13:22:13:Infinity":3,"s:14:19:14:Infinity":4,"s:16:35:19:Infinity":5,"f:18:13:18:19":1,"s:18:19:18:Infinity":6,"s:21:19:25:Infinity":7,"f:21:19:21:20":2,"b:22:4:24:Infinity:undefined:undefined:undefined:undefined":0,"s:22:4:24:Infinity":8,"b:22:8:22:16:22:16:22:32:22:32:22:60":1,"s:23:6:23:Infinity":9,"s:28:24:30:Infinity":10,"b:29:6:29:Infinity:30:6:30:Infinity":2,"b:28:24:28:39:28:39:28:64:28:64:28:Infinity":3,"s:32:2:205:Infinity":11,"f:47:24:47:25":3,"s:48:16:48:Infinity":12,"s:49:16:49:Infinity":13,"f:53:30:53:31":4,"s:54:16:56:Infinity":14,"f:70:26:70:27":5,"s:71:18:71:Infinity":15,"s:72:18:72:Infinity":16,"f:88:26:88:27":6,"s:89:18:89:Infinity":17,"s:90:18:90:Infinity":18,"b:100:7:100:Infinity:101:8:101:Infinity":4,"b:104:7:104:Infinity:105:8:107:Infinity":5,"b:110:7:110:15:110:15:110:Infinity:111:8:203:Infinity":6,"f:120:39:120:40":7,"s:121:22:126:Infinity":19,"f:131:34:131:35":8,"s:132:20:141:Infinity":20,"f:136:41:136:42":9,"s:137:24:139:Infinity":21,"b:138:27:138:64:138:64:138:Infinity":7,"f:155:25:155:31":10,"s:155:31:155:Infinity":22,"f:162:60:162:61":11,"s:163:32:163:Infinity":23,"s:164:16:175:Infinity":24,"f:167:29:167:35":12,"s:167:35:167:Infinity":25,"b:170:26:170:Infinity:171:26:171:Infinity":8,"b:178:15:178:38:178:38:178:Infinity:179:16:191:Infinity":9,"f:182:29:182:35":13,"s:182:35:182:Infinity":26,"b:185:26:185:Infinity:186:26:186:Infinity":10,"f:194:25:194:31":14,"s:194:31:194:Infinity":27}}}
,"D:\\Mngm\\Currency Converter\\CurrencyConverter\\client\\src\\components\\LiveRatesSection.tsx": {"path":"D:\\Mngm\\Currency Converter\\CurrencyConverter\\client\\src\\components\\LiveRatesSection.tsx","statementMap":{"0":{"start":{"line":9,"column":38},"end":{"line":9,"column":null}},"1":{"start":{"line":11,"column":44},"end":{"line":14,"column":null}},"2":{"start":{"line":13,"column":19},"end":{"line":13,"column":null}},"3":{"start":{"line":16,"column":33},"end":{"line":23,"column":null}},"4":{"start":{"line":18,"column":10},"end":{"line":18,"column":null}},"5":{"start":{"line":19,"column":4},"end":{"line":22,"column":null}},"6":{"start":{"line":25,"column":2},"end":{"line":96,"column":null}},"7":{"start":{"line":36,"column":29},"end":{"line":36,"column":null}},"8":{"start":{"line":40,"column":14},"end":{"line":42,"column":null}},"9":{"start":{"line":46,"column":27},"end":{"line":46,"column":null}},"10":{"start":{"line":68,"column":27},"end":{"line":68,"column":null}},"11":{"start":{"line":69,"column":12},"end":{"line":91,"column":null}}},"fnMap":{"0":{"name":"LiveRatesSection","decl":{"start":{"line":8,"column":24},"end":{"line":8,"column":43}},"loc":{"start":{"line":8,"column":43},"end":{"line":98,"column":null}},"line":8},"1":{"name":"(anonymous_1)","decl":{"start":{"line":13,"column":13},"end":{"line":13,"column":19}},"loc":{"start":{"line":13,"column":19},"end":{"line":13,"column":null}},"line":13},"2":{"name":"(anonymous_2)","decl":{"start":{"line":16,"column":33},"end":{"line":16,"column":39}},"loc":{"start":{"line":16,"column":39},"end":{"line":23,"column":null}},"line":16},"3":{"name":"(anonymous_3)","decl":{"start":{"line":36,"column":22},"end":{"line":36,"column":23}},"loc":{"start":{"line":36,"column":29},"end":{"line":36,"column":null}},"line":36},"4":{"name":"(anonymous_4)","decl":{"start":{"line":39,"column":28},"end":{"line":39,"column":29}},"loc":{"start":{"line":40,"column":14},"end":{"line":42,"column":null}},"line":40},"5":{"name":"(anonymous_5)","decl":{"start":{"line":46,"column":21},"end":{"line":46,"column":27}},"loc":{"start":{"line":46,"column":27},"end":{"line":46,"column":null}},"line":46},"6":{"name":"(anonymous_6)","decl":{"start":{"line":67,"column":42},"end":{"line":67,"column":43}},"loc":{"start":{"line":67,"column":64},"end":{"line":93,"column":11}},"line":67}},"branchMap":{"0":{"loc":{"start":{"line":55,"column":7},"end":{"line":56,"column":null}},"type":"binary-expr","locations":[{"start":{"line":55,"column":7},"end":{"line":55,"column":null}},{"start":{"line":56,"column":8},"end":{"line":56,"column":null}}],"line":55},"1":{"loc":{"start":{"line":59,"column":7},"end":{"line":62,"column":null}},"type":"binary-expr","locations":[{"start":{"line":59,"column":7},"end":{"line":59,"column":null}},{"start":{"line":60,"column":8},"end":{"line":62,"column":null}}],"line":59},"2":{"loc":{"start":{"line":65,"column":7},"end":{"line":94,"column":null}},"type":"binary-expr","locations":[{"start":{"line":65,"column":7},"end":{"line":65,"column":null}},{"start":{"line":66,"column":8},"end":{"line":94,"column":null}}],"line":65},"3":{"loc":{"start":{"line":78,"column":22},"end":{"line":78,"column":null}},"type":"cond-expr","locations":[{"start":{"line":78,"column":42},"end":{"line":78,"column":61}},{"start":{"line":78,"column":61},"end":{"line":78,"column":null}}],"line":78},"4":{"loc":{"start":{"line":81,"column":21},"end":{"line":81,"column":null}},"type":"cond-expr","locations":[{"start":{"line":81,"column":41},"end":{"line":81,"column":78}},{"start":{"line":81,"column":78},"end":{"line":81,"column":null}}],"line":81}},"s":{"0":13,"1":13,"2":9,"3":13,"4":20,"5":20,"6":13,"7":1,"8":273,"9":1,"10":20,"11":20},"f":{"0":13,"1":9,"2":20,"3":1,"4":273,"5":1,"6":20},"b":{"0":[13,8],"1":[13,1],"2":[13,4],"3":[10,10],"4":[10,10]},"meta":{"lastBranch":5,"lastFunction":7,"lastStatement":12,"seen":{"f:8:24:8:43":0,"s:9:38:9:Infinity":0,"s:11:44:14:Infinity":1,"f:13:13:13:19":1,"s:13:19:13:Infinity":2,"s:16:33:23:Infinity":3,"f:16:33:16:39":2,"s:18:10:18:Infinity":4,"s:19:4:22:Infinity":5,"s:25:2:96:Infinity":6,"f:36:22:36:23":3,"s:36:29:36:Infinity":7,"f:39:28:39:29":4,"s:40:14:42:Infinity":8,"f:46:21:46:27":5,"s:46:27:46:Infinity":9,"b:55:7:55:Infinity:56:8:56:Infinity":0,"b:59:7:59:Infinity:60:8:62:Infinity":1,"b:65:7:65:Infinity:66:8:94:Infinity":2,"f:67:42:67:43":6,"s:68:27:68:Infinity":10,"s:69:12:91:Infinity":11,"b:78:42:78:61:78:61:78:Infinity":3,"b:81:41:81:78:81:78:81:Infinity":4}}}
,"D:\\Mngm\\Currency Converter\\CurrencyConverter\\client\\src\\lib\\api-client.ts": {"path":"D:\\Mngm\\Currency Converter\\CurrencyConverter\\client\\src\\lib\\api-client.ts","statementMap":{"0":{"start":{"line":6,"column":33},"end":{"line":6,"column":null}},"1":{"start":{"line":9,"column":4},"end":{"line":14,"column":null}},"2":{"start":{"line":16,"column":4},"end":{"line":21,"column":null}},"3":{"start":{"line":17,"column":6},"end":{"line":19,"column":null}},"4":{"start":{"line":18,"column":8},"end":{"line":18,"column":null}},"5":{"start":{"line":20,"column":6},"end":{"line":20,"column":null}},"6":{"start":{"line":25,"column":4},"end":{"line":25,"column":null}},"7":{"start":{"line":29,"column":4},"end":{"line":29,"column":null}},"8":{"start":{"line":33,"column":4},"end":{"line":33,"column":null}},"9":{"start":{"line":40,"column":4},"end":{"line":76,"column":null}},"10":{"start":{"line":42,"column":26},"end":{"line":42,"column":null}},"11":{"start":{"line":43,"column":6},"end":{"line":43,"column":null}},"12":{"start":{"line":45,"column":23},"end":{"line":48,"column":null}},"13":{"start":{"line":50,"column":20},"end":{"line":50,"column":null}},"14":{"start":{"line":51,"column":6},"end":{"line":51,"column":null}},"15":{"start":{"line":52,"column":6},"end":{"line":52,"column":null}},"16":{"start":{"line":53,"column":6},"end":{"line":53,"column":null}},"17":{"start":{"line":55,"column":6},"end":{"line":74,"column":null}},"18":{"start":{"line":56,"column":8},"end":{"line":62,"column":null}},"19":{"start":{"line":65,"column":8},"end":{"line":67,"column":null}},"20":{"start":{"line":66,"column":10},"end":{"line":66,"column":null}},"21":{"start":{"line":69,"column":8},"end":{"line":71,"column":null}},"22":{"start":{"line":70,"column":10},"end":{"line":70,"column":null}},"23":{"start":{"line":73,"column":8},"end":{"line":73,"column":null}},"24":{"start":{"line":75,"column":6},"end":{"line":75,"column":null}},"25":{"start":{"line":80,"column":21},"end":{"line":82,"column":null}},"26":{"start":{"line":83,"column":4},"end":{"line":83,"column":null}},"27":{"start":{"line":87,"column":21},"end":{"line":89,"column":null}},"28":{"start":{"line":90,"column":4},"end":{"line":90,"column":null}},"29":{"start":{"line":100,"column":21},"end":{"line":102,"column":null}},"30":{"start":{"line":103,"column":4},"end":{"line":103,"column":null}},"31":{"start":{"line":107,"column":25},"end":{"line":107,"column":null}}},"fnMap":{"0":{"name":"(anonymous_0)","decl":{"start":{"line":8,"column":2},"end":{"line":8,"column":16}},"loc":{"start":{"line":8,"column":16},"end":{"line":22,"column":null}},"line":8},"1":{"name":"(anonymous_1)","decl":{"start":{"line":16,"column":41},"end":{"line":16,"column":42}},"loc":{"start":{"line":16,"column":53},"end":{"line":21,"column":5}},"line":16},"2":{"name":"(anonymous_2)","decl":{"start":{"line":24,"column":2},"end":{"line":24,"column":11}},"loc":{"start":{"line":24,"column":26},"end":{"line":26,"column":null}},"line":24},"3":{"name":"(anonymous_3)","decl":{"start":{"line":28,"column":2},"end":{"line":28,"column":13}},"loc":{"start":{"line":28,"column":13},"end":{"line":30,"column":null}},"line":28},"4":{"name":"(anonymous_4)","decl":{"start":{"line":32,"column":2},"end":{"line":32,"column":15}},"loc":{"start":{"line":32,"column":15},"end":{"line":34,"column":null}},"line":32},"5":{"name":"(anonymous_5)","decl":{"start":{"line":39,"column":8},"end":{"line":39,"column":20}},"loc":{"start":{"line":39,"column":98},"end":{"line":77,"column":null}},"line":39},"6":{"name":"(anonymous_6)","decl":{"start":{"line":79,"column":8},"end":{"line":79,"column":16}},"loc":{"start":{"line":79,"column":58},"end":{"line":84,"column":null}},"line":79},"7":{"name":"(anonymous_7)","decl":{"start":{"line":86,"column":8},"end":{"line":86,"column":23}},"loc":{"start":{"line":86,"column":45},"end":{"line":91,"column":null}},"line":86},"8":{"name":"(anonymous_8)","decl":{"start":{"line":93,"column":8},"end":{"line":93,"column":null}},"loc":{"start":{"line":99,"column":4},"end":{"line":104,"column":null}},"line":99}},"branchMap":{"0":{"loc":{"start":{"line":10,"column":15},"end":{"line":10,"column":null}},"type":"binary-expr","locations":[{"start":{"line":10,"column":15},"end":{"line":10,"column":47}},{"start":{"line":10,"column":47},"end":{"line":10,"column":null}}],"line":10},"1":{"loc":{"start":{"line":17,"column":6},"end":{"line":19,"column":null}},"type":"if","locations":[{"start":{"line":17,"column":6},"end":{"line":19,"column":null}},{"start":{},"end":{}}],"line":17},"2":{"loc":{"start":{"line":39,"column":20},"end":{"line":39,"column":52}},"type":"default-arg","locations":[{"start":{"line":39,"column":39},"end":{"line":39,"column":52}}],"line":39},"3":{"loc":{"start":{"line":39,"column":52},"end":{"line":39,"column":98}},"type":"default-arg","locations":[{"start":{"line":39,"column":70},"end":{"line":39,"column":98}}],"line":39},"4":{"loc":{"start":{"line":55,"column":6},"end":{"line":74,"column":null}},"type":"if","locations":[{"start":{"line":55,"column":6},"end":{"line":74,"column":null}},{"start":{},"end":{}}],"line":55},"5":{"loc":{"start":{"line":65,"column":8},"end":{"line":67,"column":null}},"type":"if","locations":[{"start":{"line":65,"column":8},"end":{"line":67,"column":null}},{"start":{},"end":{}}],"line":65},"6":{"loc":{"start":{"line":65,"column":12},"end":{"line":65,"column":85}},"type":"binary-expr","locations":[{"start":{"line":65,"column":12},"end":{"line":65,"column":44}},{"start":{"line":65,"column":44},"end":{"line":65,"column":85}}],"line":65},"7":{"loc":{"start":{"line":69,"column":8},"end":{"line":71,"column":null}},"type":"if","locations":[{"start":{"line":69,"column":8},"end":{"line":71,"column":null}},{"start":{},"end":{}}],"line":69},"8":{"loc":{"start":{"line":73,"column":50},"end":{"line":73,"column":96}},"type":"binary-expr","locations":[{"start":{"line":73,"column":50},"end":{"line":73,"column":83}},{"start":{"line":73,"column":83},"end":{"line":73,"column":96}}],"line":73},"9":{"loc":{"start":{"line":97,"column":4},"end":{"line":97,"column":null}},"type":"default-arg","locations":[{"start":{"line":97,"column":19},"end":{"line":97,"column":null}}],"line":97},"10":{"loc":{"start":{"line":98,"column":4},"end":{"line":98,"column":null}},"type":"default-arg","locations":[{"start":{"line":98,"column":23},"end":{"line":98,"column":null}}],"line":98}},"s":{"0":0,"1":0,"2":0,"3":0,"4":0,"5":0,"6":0,"7":0,"8":0,"9":0,"10":0,"11":0,"12":0,"13":0,"14":0,"15":0,"16":0,"17":0,"18":0,"19":0,"20":0,"21":0,"22":0,"23":0,"24":0,"25":0,"26":0,"27":0,"28":0,"29":0,"30":0,"31":0},"f":{"0":0,"1":0,"2":0,"3":0,"4":0,"5":0,"6":0,"7":0,"8":0},"b":{"0":[0,0],"1":[0,0],"2":[0],"3":[0],"4":[0,0],"5":[0,0],"6":[0,0],"7":[0,0],"8":[0,0],"9":[0],"10":[0]},"meta":{"lastBranch":11,"lastFunction":9,"lastStatement":32,"seen":{"s:6:33:6:Infinity":0,"f:8:2:8:16":0,"s:9:4:14:Infinity":1,"b:10:15:10:47:10:47:10:Infinity":0,"s:16:4:21:Infinity":2,"f:16:41:16:42":1,"b:17:6:19:Infinity:undefined:undefined:undefined:undefined":1,"s:17:6:19:Infinity":3,"s:18:8:18:Infinity":4,"s:20:6:20:Infinity":5,"f:24:2:24:11":2,"s:25:4:25:Infinity":6,"f:28:2:28:13":3,"s:29:4:29:Infinity":7,"f:32:2:32:15":4,"s:33:4:33:Infinity":8,"f:39:8:39:20":5,"b:39:39:39:52":2,"b:39:70:39:98":3,"s:40:4:76:Infinity":9,"s:42:26:42:Infinity":10,"s:43:6:43:Infinity":11,"s:45:23:48:Infinity":12,"s:50:20:50:Infinity":13,"s:51:6:51:Infinity":14,"s:52:6:52:Infinity":15,"s:53:6:53:Infinity":16,"b:55:6:74:Infinity:undefined:undefined:undefined:undefined":4,"s:55:6:74:Infinity":17,"s:56:8:62:Infinity":18,"b:65:8:67:Infinity:undefined:undefined:undefined:undefined":5,"s:65:8:67:Infinity":19,"b:65:12:65:44:65:44:65:85":6,"s:66:10:66:Infinity":20,"b:69:8:71:Infinity:undefined:undefined:undefined:undefined":7,"s:69:8:71:Infinity":21,"s:70:10:70:Infinity":22,"s:73:8:73:Infinity":23,"b:73:50:73:83:73:83:73:96":8,"s:75:6:75:Infinity":24,"f:79:8:79:16":6,"s:80:21:82:Infinity":25,"s:83:4:83:Infinity":26,"f:86:8:86:23":7,"s:87:21:89:Infinity":27,"s:90:4:90:Infinity":28,"f:93:8:93:Infinity":8,"b:97:19:97:Infinity":9,"b:98:23:98:Infinity":10,"s:100:21:102:Infinity":29,"s:103:4:103:Infinity":30,"s:107:25:107:Infinity":31}}}
,"D:\\Mngm\\Currency Converter\\CurrencyConverter\\client\\src\\types\\api.ts": {"path":"D:\\Mngm\\Currency Converter\\CurrencyConverter\\client\\src\\types\\api.ts","statementMap":{"0":{"start":{"line":37,"column":35},"end":{"line":37,"column":null}},"1":{"start":{"line":39,"column":38},"end":{"line":61,"column":null}}},"fnMap":{},"branchMap":{},"s":{"0":3,"1":3},"f":{},"b":{},"meta":{"lastBranch":0,"lastFunction":0,"lastStatement":2,"seen":{"s:37:35:37:Infinity":0,"s:39:38:61:Infinity":1}}}
}
